#
# A fatal error has been detected by the Java Runtime Environment:
#
#  Internal Error (./open/src/hotspot/os_cpu/windows_x86/os_windows_x86.cpp:145), pid=9244, tid=9640
#  guarantee(result == EXCEPTION_CONTINUE_EXECUTION) failed: Unexpected result from topLevelExceptionFilter
#
# JRE version: Java(TM) SE Runtime Environment 18.9 (11.0.13+10) (build 11.0.13+10-LTS-370)
# Java VM: Java HotSpot(TM) 64-Bit Server VM 18.9 (11.0.13+10-LTS-370, mixed mode, tiered, compressed oops, g1 gc, windows-amd64)
# No core dump will be written. Minidumps are not enabled by default on client versions of Windows
#
# If you would like to submit a bug report, please visit:
#   https://bugreport.java.com/bugreport/crash.jsp
# The crash happened outside the Java Virtual Machine in native code.
# See problematic frame for where to report the bug.
#

---------------  S U M M A R Y ------------

Command Line: -Dfile.encoding=UTF8 -ea -Xmx1024m 

Host: Intel(R) Core(TM) i7-9700 CPU @ 3.00GHz, 8 cores, 31G,  Windows 10 , 64 bit Build 19041 (10.0.19041.1706)
Time: Tue Jun 14 14:27:27 2022 대한민국 표준시 elapsed time: 0.208194 seconds (0d 0h 0m 0s)

---------------  T H R E A D  ---------------

Current thread (0x000001ef06e17000):  JavaThread "Python Reference Queue" daemon [_thread_in_native, id=9640, stack(0x000000d9c8580000,0x000000d9c8770000)]

Stack: [0x000000d9c8580000,0x000000d9c8770000]
Native frames: (J=compiled Java code, j=interpreted, Vv=VM code, C=native code)
C  0x00007fff3195870a
C  0x00007fff31a91f2f
C  0x00007fff31a935d9
C  0x00007fff31a93c17
C  0x00007fff3156d6ac
C  0x00007fff3195832c
C  [ntdll.dll+0xa209f]
C  [ntdll.dll+0x51454]
C  [ntdll.dll+0xa0bce]
C  0x00007fff3467735d
C  0x00007fff34677392
C  0x00007fff345a3884
C  0x00007fff345a6393
C  0x00007fff4fd864c3
C  [python38.dll+0x136a86]  dict_dealloc+0xe6  (dictobject.c:1989)
C  [python38.dll+0x186dd2]  subtype_clear+0x122  (typeobject.c:1143)
C  [python38.dll+0x8a7b7]  delete_garbage+0x117  (gcmodule.c:949)
C  [python38.dll+0x8b093]  collect+0x6d3  (gcmodule.c:1128)
C  [python38.dll+0x8b665]  collect_with_callback+0x45  (gcmodule.c:1241)
C  [python38.dll+0x8cee7]  PyGC_Collect+0x87  (gcmodule.c:1845)
C  [_jpype.cp38-win_amd64.pyd+0x28184]
C  0x000001ef0ec2f2d7

Java frames: (J=compiled Java code, j=interpreted, Vv=VM code)
j  org.jpype.ref.JPypeReferenceNative.wake()V+0
j  org.jpype.ref.JPypeReferenceQueue$Worker.run()V+42
j  java.lang.Thread.run()V+11 java.base@11.0.13
v  ~StubRoutines::call_stub

---------------  P R O C E S S  ---------------

Threads class SMR info:
_java_thread_list=0x000001ef07399810, length=13, elements={
0x000001ef6e3c2800, 0x000001ef06e1b000, 0x000001ef06e19800, 0x000001ef06e1c000,
0x000001ef06e16800, 0x000001ef06e1a800, 0x000001ef01d8b800, 0x000001ef01d8a000,
0x000001ef06e1d000, 0x000001ef06e18000, 0x000001ef06e17000, 0x000001ef06ecb800,
0x000001ef06ece800
}

Java Threads: ( => current thread )
  0x000001ef6e3c2800 JavaThread "main" [_thread_in_native, id=17288, stack(0x000000d9c3410000,0x000000d9c3600000)]
  0x000001ef06e1b000 JavaThread "Reference Handler" daemon [_thread_blocked, id=15316, stack(0x000000d9c7220000,0x000000d9c7410000)]
  0x000001ef06e19800 JavaThread "Finalizer" daemon [_thread_blocked, id=12920, stack(0x000000d9c7410000,0x000000d9c7600000)]
  0x000001ef06e1c000 JavaThread "Signal Dispatcher" daemon [_thread_blocked, id=8820, stack(0x000000d9c7600000,0x000000d9c77f0000)]
  0x000001ef06e16800 JavaThread "Attach Listener" daemon [_thread_blocked, id=12740, stack(0x000000d9c77f0000,0x000000d9c79e0000)]
  0x000001ef06e1a800 JavaThread "Service Thread" daemon [_thread_blocked, id=13836, stack(0x000000d9c79e0000,0x000000d9c7bd0000)]
  0x000001ef01d8b800 JavaThread "C2 CompilerThread0" daemon [_thread_in_native, id=2776, stack(0x000000d9c7bd0000,0x000000d9c7dc0000)]
  0x000001ef01d8a000 JavaThread "C1 CompilerThread0" daemon [_thread_blocked, id=13484, stack(0x000000d9c7dc0000,0x000000d9c7fb0000)]
  0x000001ef06e1d000 JavaThread "Sweeper thread" daemon [_thread_blocked, id=19376, stack(0x000000d9c7fb0000,0x000000d9c81a0000)]
  0x000001ef06e18000 JavaThread "Common-Cleaner" daemon [_thread_blocked, id=7392, stack(0x000000d9c8390000,0x000000d9c8580000)]
=>0x000001ef06e17000 JavaThread "Python Reference Queue" daemon [_thread_in_native, id=9640, stack(0x000000d9c8580000,0x000000d9c8770000)]
  0x000001ef06ecb800 JavaThread "C2 CompilerThread1" daemon [_thread_blocked, id=18592, stack(0x000000d9c9500000,0x000000d9c96f0000)]
  0x000001ef06ece800 JavaThread "C2 CompilerThread2" daemon [_thread_blocked, id=15968, stack(0x000000d9c96f0000,0x000000d9c98e0000)]

Other Threads:
  0x000001ef016b2800 VMThread "VM Thread" [stack: 0x000000d9c7030000,0x000000d9c7220000] [id=14028]
  0x000001ef016b6000 WatcherThread [stack: 0x000000d9c81a0000,0x000000d9c8390000] [id=11636]
  0x000001ef016b3000 GCTaskThread "GC Thread#0" [stack: 0x000000d9c62a0000,0x000000d9c6490000] [id=4656]
  0x000001ef016b1800 GCTaskThread "GC Thread#1" [stack: 0x000000d9c8770000,0x000000d9c8960000] [id=18936]
  0x000001ef016b7800 GCTaskThread "GC Thread#2" [stack: 0x000000d9c8960000,0x000000d9c8b50000] [id=7096]
  0x000001ef016ba800 GCTaskThread "GC Thread#3" [stack: 0x000000d9c8b50000,0x000000d9c8d40000] [id=20052]
  0x000001ef016b9000 GCTaskThread "GC Thread#4" [stack: 0x000000d9c8d40000,0x000000d9c8f30000] [id=3572]
  0x000001ef016bc000 GCTaskThread "GC Thread#5" [stack: 0x000000d9c8f30000,0x000000d9c9120000] [id=8660]
  0x000001ef016b9800 GCTaskThread "GC Thread#6" [stack: 0x000000d9c9120000,0x000000d9c9310000] [id=6804]
  0x000001ef016bb000 GCTaskThread "GC Thread#7" [stack: 0x000000d9c9310000,0x000000d9c9500000] [id=9344]
  0x000001ef016b8000 ConcurrentGCThread "G1 Main Marker" [stack: 0x000000d9c6870000,0x000000d9c6a60000] [id=568]
  0x000001ef016b4000 ConcurrentGCThread "G1 Conc#0" [stack: 0x000000d9c6a60000,0x000000d9c6c50000] [id=8708]
  0x000001ef016b6800 ConcurrentGCThread "G1 Refine#0" [stack: 0x000000d9c6c50000,0x000000d9c6e40000] [id=17196]
  0x000001ef7e565800 ConcurrentGCThread "G1 Young RemSet Sampling" [stack: 0x000000d9c6e40000,0x000000d9c7030000] [id=2244]

Threads with active compile tasks:
C2 CompilerThread0    402  758       4       jdk.internal.jimage.ImageReader$SharedImageReader::lambda$handleModulesSubTree$1 (43 bytes)

VM state:not at safepoint (normal execution)

VM Mutex/Monitor currently owned by a thread: None

Heap address: 0x00000000c0000000, size: 1024 MB, Compressed Oops mode: 32-bit
Narrow klass base: 0x0000000000000000, Narrow klass shift: 3
Compressed class space size: 1073741824 Address: 0x0000000100000000

Heap:
 garbage-first heap   total 270336K, used 18700K [0x00000000c0000000, 0x0000000100000000)
  region size 1024K, 16 young (16384K), 1 survivors (1024K)
 Metaspace       used 8040K, capacity 8240K, committed 8576K, reserved 1056768K
  class space    used 711K, capacity 780K, committed 896K, reserved 1048576K
Heap Regions: E=young(eden), S=young(survivor), O=old, HS=humongous(starts), HC=humongous(continues), CS=collection set, F=free, A=archive, TAMS=top-at-mark-start (previous, next)
|   0|0x00000000c0000000, 0x00000000c0100000, 0x00000000c0100000|100%| O|  |TAMS 0x00000000c0000000, 0x00000000c0000000| Untracked 
|   1|0x00000000c0100000, 0x00000000c017e158, 0x00000000c0200000| 49%| O|  |TAMS 0x00000000c0100000, 0x00000000c0100000| Untracked 
|   2|0x00000000c0200000, 0x00000000c02f6400, 0x00000000c0300000| 96%| O|  |TAMS 0x00000000c0200000, 0x00000000c0200000| Untracked 
|   3|0x00000000c0300000, 0x00000000c0300000, 0x00000000c0400000|  0%| F|  |TAMS 0x00000000c0300000, 0x00000000c0300000| Untracked 
|   4|0x00000000c0400000, 0x00000000c0400000, 0x00000000c0500000|  0%| F|  |TAMS 0x00000000c0400000, 0x00000000c0400000| Untracked 
|   5|0x00000000c0500000, 0x00000000c0500000, 0x00000000c0600000|  0%| F|  |TAMS 0x00000000c0500000, 0x00000000c0500000| Untracked 
|   6|0x00000000c0600000, 0x00000000c0600000, 0x00000000c0700000|  0%| F|  |TAMS 0x00000000c0600000, 0x00000000c0600000| Untracked 
|   7|0x00000000c0700000, 0x00000000c07c6840, 0x00000000c0800000| 77%| S|CS|TAMS 0x00000000c0700000, 0x00000000c0700000| Complete 
|   8|0x00000000c0800000, 0x00000000c0800000, 0x00000000c0900000|  0%| F|  |TAMS 0x00000000c0800000, 0x00000000c0800000| Untracked 
|   9|0x00000000c0900000, 0x00000000c0900000, 0x00000000c0a00000|  0%| F|  |TAMS 0x00000000c0900000, 0x00000000c0900000| Untracked 
|  10|0x00000000c0a00000, 0x00000000c0a00000, 0x00000000c0b00000|  0%| F|  |TAMS 0x00000000c0a00000, 0x00000000c0a00000| Untracked 
|  11|0x00000000c0b00000, 0x00000000c0b00000, 0x00000000c0c00000|  0%| F|  |TAMS 0x00000000c0b00000, 0x00000000c0b00000| Untracked 
|  12|0x00000000c0c00000, 0x00000000c0c00000, 0x00000000c0d00000|  0%| F|  |TAMS 0x00000000c0c00000, 0x00000000c0c00000| Untracked 
|  13|0x00000000c0d00000, 0x00000000c0d00000, 0x00000000c0e00000|  0%| F|  |TAMS 0x00000000c0d00000, 0x00000000c0d00000| Untracked 
|  14|0x00000000c0e00000, 0x00000000c0e00000, 0x00000000c0f00000|  0%| F|  |TAMS 0x00000000c0e00000, 0x00000000c0e00000| Untracked 
|  15|0x00000000c0f00000, 0x00000000c0f00000, 0x00000000c1000000|  0%| F|  |TAMS 0x00000000c0f00000, 0x00000000c0f00000| Untracked 
|  16|0x00000000c1000000, 0x00000000c1000000, 0x00000000c1100000|  0%| F|  |TAMS 0x00000000c1000000, 0x00000000c1000000| Untracked 
|  17|0x00000000c1100000, 0x00000000c1100000, 0x00000000c1200000|  0%| F|  |TAMS 0x00000000c1100000, 0x00000000c1100000| Untracked 
|  18|0x00000000c1200000, 0x00000000c1200000, 0x00000000c1300000|  0%| F|  |TAMS 0x00000000c1200000, 0x00000000c1200000| Untracked 
|  19|0x00000000c1300000, 0x00000000c1300000, 0x00000000c1400000|  0%| F|  |TAMS 0x00000000c1300000, 0x00000000c1300000| Untracked 
|  20|0x00000000c1400000, 0x00000000c1400000, 0x00000000c1500000|  0%| F|  |TAMS 0x00000000c1400000, 0x00000000c1400000| Untracked 
|  21|0x00000000c1500000, 0x00000000c1500000, 0x00000000c1600000|  0%| F|  |TAMS 0x00000000c1500000, 0x00000000c1500000| Untracked 
|  22|0x00000000c1600000, 0x00000000c1600000, 0x00000000c1700000|  0%| F|  |TAMS 0x00000000c1600000, 0x00000000c1600000| Untracked 
|  23|0x00000000c1700000, 0x00000000c1700000, 0x00000000c1800000|  0%| F|  |TAMS 0x00000000c1700000, 0x00000000c1700000| Untracked 
|  24|0x00000000c1800000, 0x00000000c1800000, 0x00000000c1900000|  0%| F|  |TAMS 0x00000000c1800000, 0x00000000c1800000| Untracked 
|  25|0x00000000c1900000, 0x00000000c1900000, 0x00000000c1a00000|  0%| F|  |TAMS 0x00000000c1900000, 0x00000000c1900000| Untracked 
|  26|0x00000000c1a00000, 0x00000000c1a00000, 0x00000000c1b00000|  0%| F|  |TAMS 0x00000000c1a00000, 0x00000000c1a00000| Untracked 
|  27|0x00000000c1b00000, 0x00000000c1b00000, 0x00000000c1c00000|  0%| F|  |TAMS 0x00000000c1b00000, 0x00000000c1b00000| Untracked 
|  28|0x00000000c1c00000, 0x00000000c1c00000, 0x00000000c1d00000|  0%| F|  |TAMS 0x00000000c1c00000, 0x00000000c1c00000| Untracked 
|  29|0x00000000c1d00000, 0x00000000c1d00000, 0x00000000c1e00000|  0%| F|  |TAMS 0x00000000c1d00000, 0x00000000c1d00000| Untracked 
|  30|0x00000000c1e00000, 0x00000000c1e00000, 0x00000000c1f00000|  0%| F|  |TAMS 0x00000000c1e00000, 0x00000000c1e00000| Untracked 
|  31|0x00000000c1f00000, 0x00000000c1f00000, 0x00000000c2000000|  0%| F|  |TAMS 0x00000000c1f00000, 0x00000000c1f00000| Untracked 
|  32|0x00000000c2000000, 0x00000000c2000000, 0x00000000c2100000|  0%| F|  |TAMS 0x00000000c2000000, 0x00000000c2000000| Untracked 
|  33|0x00000000c2100000, 0x00000000c2100000, 0x00000000c2200000|  0%| F|  |TAMS 0x00000000c2100000, 0x00000000c2100000| Untracked 
|  34|0x00000000c2200000, 0x00000000c2200000, 0x00000000c2300000|  0%| F|  |TAMS 0x00000000c2200000, 0x00000000c2200000| Untracked 
|  35|0x00000000c2300000, 0x00000000c2300000, 0x00000000c2400000|  0%| F|  |TAMS 0x00000000c2300000, 0x00000000c2300000| Untracked 
|  36|0x00000000c2400000, 0x00000000c2400000, 0x00000000c2500000|  0%| F|  |TAMS 0x00000000c2400000, 0x00000000c2400000| Untracked 
|  37|0x00000000c2500000, 0x00000000c2500000, 0x00000000c2600000|  0%| F|  |TAMS 0x00000000c2500000, 0x00000000c2500000| Untracked 
|  38|0x00000000c2600000, 0x00000000c2600000, 0x00000000c2700000|  0%| F|  |TAMS 0x00000000c2600000, 0x00000000c2600000| Untracked 
|  39|0x00000000c2700000, 0x00000000c2700000, 0x00000000c2800000|  0%| F|  |TAMS 0x00000000c2700000, 0x00000000c2700000| Untracked 
|  40|0x00000000c2800000, 0x00000000c2800000, 0x00000000c2900000|  0%| F|  |TAMS 0x00000000c2800000, 0x00000000c2800000| Untracked 
|  41|0x00000000c2900000, 0x00000000c2900000, 0x00000000c2a00000|  0%| F|  |TAMS 0x00000000c2900000, 0x00000000c2900000| Untracked 
|  42|0x00000000c2a00000, 0x00000000c2a00000, 0x00000000c2b00000|  0%| F|  |TAMS 0x00000000c2a00000, 0x00000000c2a00000| Untracked 
|  43|0x00000000c2b00000, 0x00000000c2b00000, 0x00000000c2c00000|  0%| F|  |TAMS 0x00000000c2b00000, 0x00000000c2b00000| Untracked 
|  44|0x00000000c2c00000, 0x00000000c2c00000, 0x00000000c2d00000|  0%| F|  |TAMS 0x00000000c2c00000, 0x00000000c2c00000| Untracked 
|  45|0x00000000c2d00000, 0x00000000c2d00000, 0x00000000c2e00000|  0%| F|  |TAMS 0x00000000c2d00000, 0x00000000c2d00000| Untracked 
|  46|0x00000000c2e00000, 0x00000000c2e00000, 0x00000000c2f00000|  0%| F|  |TAMS 0x00000000c2e00000, 0x00000000c2e00000| Untracked 
|  47|0x00000000c2f00000, 0x00000000c2f00000, 0x00000000c3000000|  0%| F|  |TAMS 0x00000000c2f00000, 0x00000000c2f00000| Untracked 
|  48|0x00000000c3000000, 0x00000000c3000000, 0x00000000c3100000|  0%| F|  |TAMS 0x00000000c3000000, 0x00000000c3000000| Untracked 
|  49|0x00000000c3100000, 0x00000000c3100000, 0x00000000c3200000|  0%| F|  |TAMS 0x00000000c3100000, 0x00000000c3100000| Untracked 
|  50|0x00000000c3200000, 0x00000000c3200000, 0x00000000c3300000|  0%| F|  |TAMS 0x00000000c3200000, 0x00000000c3200000| Untracked 
|  51|0x00000000c3300000, 0x00000000c3300000, 0x00000000c3400000|  0%| F|  |TAMS 0x00000000c3300000, 0x00000000c3300000| Untracked 
|  52|0x00000000c3400000, 0x00000000c3400000, 0x00000000c3500000|  0%| F|  |TAMS 0x00000000c3400000, 0x00000000c3400000| Untracked 
|  53|0x00000000c3500000, 0x00000000c3500000, 0x00000000c3600000|  0%| F|  |TAMS 0x00000000c3500000, 0x00000000c3500000| Untracked 
|  54|0x00000000c3600000, 0x00000000c3600000, 0x00000000c3700000|  0%| F|  |TAMS 0x00000000c3600000, 0x00000000c3600000| Untracked 
|  55|0x00000000c3700000, 0x00000000c3700000, 0x00000000c3800000|  0%| F|  |TAMS 0x00000000c3700000, 0x00000000c3700000| Untracked 
|  56|0x00000000c3800000, 0x00000000c3800000, 0x00000000c3900000|  0%| F|  |TAMS 0x00000000c3800000, 0x00000000c3800000| Untracked 
|  57|0x00000000c3900000, 0x00000000c3900000, 0x00000000c3a00000|  0%| F|  |TAMS 0x00000000c3900000, 0x00000000c3900000| Untracked 
|  58|0x00000000c3a00000, 0x00000000c3a00000, 0x00000000c3b00000|  0%| F|  |TAMS 0x00000000c3a00000, 0x00000000c3a00000| Untracked 
|  59|0x00000000c3b00000, 0x00000000c3b00000, 0x00000000c3c00000|  0%| F|  |TAMS 0x00000000c3b00000, 0x00000000c3b00000| Untracked 
|  60|0x00000000c3c00000, 0x00000000c3c00000, 0x00000000c3d00000|  0%| F|  |TAMS 0x00000000c3c00000, 0x00000000c3c00000| Untracked 
|  61|0x00000000c3d00000, 0x00000000c3d00000, 0x00000000c3e00000|  0%| F|  |TAMS 0x00000000c3d00000, 0x00000000c3d00000| Untracked 
|  62|0x00000000c3e00000, 0x00000000c3e00000, 0x00000000c3f00000|  0%| F|  |TAMS 0x00000000c3e00000, 0x00000000c3e00000| Untracked 
|  63|0x00000000c3f00000, 0x00000000c3f00000, 0x00000000c4000000|  0%| F|  |TAMS 0x00000000c3f00000, 0x00000000c3f00000| Untracked 
|  64|0x00000000c4000000, 0x00000000c4000000, 0x00000000c4100000|  0%| F|  |TAMS 0x00000000c4000000, 0x00000000c4000000| Untracked 
|  65|0x00000000c4100000, 0x00000000c4100000, 0x00000000c4200000|  0%| F|  |TAMS 0x00000000c4100000, 0x00000000c4100000| Untracked 
|  66|0x00000000c4200000, 0x00000000c4200000, 0x00000000c4300000|  0%| F|  |TAMS 0x00000000c4200000, 0x00000000c4200000| Untracked 
|  67|0x00000000c4300000, 0x00000000c4300000, 0x00000000c4400000|  0%| F|  |TAMS 0x00000000c4300000, 0x00000000c4300000| Untracked 
|  68|0x00000000c4400000, 0x00000000c4400000, 0x00000000c4500000|  0%| F|  |TAMS 0x00000000c4400000, 0x00000000c4400000| Untracked 
|  69|0x00000000c4500000, 0x00000000c4500000, 0x00000000c4600000|  0%| F|  |TAMS 0x00000000c4500000, 0x00000000c4500000| Untracked 
|  70|0x00000000c4600000, 0x00000000c4600000, 0x00000000c4700000|  0%| F|  |TAMS 0x00000000c4600000, 0x00000000c4600000| Untracked 
|  71|0x00000000c4700000, 0x00000000c4700000, 0x00000000c4800000|  0%| F|  |TAMS 0x00000000c4700000, 0x00000000c4700000| Untracked 
|  72|0x00000000c4800000, 0x00000000c4800000, 0x00000000c4900000|  0%| F|  |TAMS 0x00000000c4800000, 0x00000000c4800000| Untracked 
|  73|0x00000000c4900000, 0x00000000c4900000, 0x00000000c4a00000|  0%| F|  |TAMS 0x00000000c4900000, 0x00000000c4900000| Untracked 
|  74|0x00000000c4a00000, 0x00000000c4a00000, 0x00000000c4b00000|  0%| F|  |TAMS 0x00000000c4a00000, 0x00000000c4a00000| Untracked 
|  75|0x00000000c4b00000, 0x00000000c4b00000, 0x00000000c4c00000|  0%| F|  |TAMS 0x00000000c4b00000, 0x00000000c4b00000| Untracked 
|  76|0x00000000c4c00000, 0x00000000c4c00000, 0x00000000c4d00000|  0%| F|  |TAMS 0x00000000c4c00000, 0x00000000c4c00000| Untracked 
|  77|0x00000000c4d00000, 0x00000000c4d00000, 0x00000000c4e00000|  0%| F|  |TAMS 0x00000000c4d00000, 0x00000000c4d00000| Untracked 
|  78|0x00000000c4e00000, 0x00000000c4e00000, 0x00000000c4f00000|  0%| F|  |TAMS 0x00000000c4e00000, 0x00000000c4e00000| Untracked 
|  79|0x00000000c4f00000, 0x00000000c4f00000, 0x00000000c5000000|  0%| F|  |TAMS 0x00000000c4f00000, 0x00000000c4f00000| Untracked 
|  80|0x00000000c5000000, 0x00000000c5000000, 0x00000000c5100000|  0%| F|  |TAMS 0x00000000c5000000, 0x00000000c5000000| Untracked 
|  81|0x00000000c5100000, 0x00000000c5100000, 0x00000000c5200000|  0%| F|  |TAMS 0x00000000c5100000, 0x00000000c5100000| Untracked 
|  82|0x00000000c5200000, 0x00000000c5200000, 0x00000000c5300000|  0%| F|  |TAMS 0x00000000c5200000, 0x00000000c5200000| Untracked 
|  83|0x00000000c5300000, 0x00000000c5300000, 0x00000000c5400000|  0%| F|  |TAMS 0x00000000c5300000, 0x00000000c5300000| Untracked 
|  84|0x00000000c5400000, 0x00000000c5400000, 0x00000000c5500000|  0%| F|  |TAMS 0x00000000c5400000, 0x00000000c5400000| Untracked 
|  85|0x00000000c5500000, 0x00000000c5500000, 0x00000000c5600000|  0%| F|  |TAMS 0x00000000c5500000, 0x00000000c5500000| Untracked 
|  86|0x00000000c5600000, 0x00000000c5600000, 0x00000000c5700000|  0%| F|  |TAMS 0x00000000c5600000, 0x00000000c5600000| Untracked 
|  87|0x00000000c5700000, 0x00000000c5700000, 0x00000000c5800000|  0%| F|  |TAMS 0x00000000c5700000, 0x00000000c5700000| Untracked 
|  88|0x00000000c5800000, 0x00000000c5800000, 0x00000000c5900000|  0%| F|  |TAMS 0x00000000c5800000, 0x00000000c5800000| Untracked 
|  89|0x00000000c5900000, 0x00000000c5900000, 0x00000000c5a00000|  0%| F|  |TAMS 0x00000000c5900000, 0x00000000c5900000| Untracked 
|  90|0x00000000c5a00000, 0x00000000c5a00000, 0x00000000c5b00000|  0%| F|  |TAMS 0x00000000c5a00000, 0x00000000c5a00000| Untracked 
|  91|0x00000000c5b00000, 0x00000000c5b00000, 0x00000000c5c00000|  0%| F|  |TAMS 0x00000000c5b00000, 0x00000000c5b00000| Untracked 
|  92|0x00000000c5c00000, 0x00000000c5c00000, 0x00000000c5d00000|  0%| F|  |TAMS 0x00000000c5c00000, 0x00000000c5c00000| Untracked 
|  93|0x00000000c5d00000, 0x00000000c5d00000, 0x00000000c5e00000|  0%| F|  |TAMS 0x00000000c5d00000, 0x00000000c5d00000| Untracked 
|  94|0x00000000c5e00000, 0x00000000c5e00000, 0x00000000c5f00000|  0%| F|  |TAMS 0x00000000c5e00000, 0x00000000c5e00000| Untracked 
|  95|0x00000000c5f00000, 0x00000000c5f00000, 0x00000000c6000000|  0%| F|  |TAMS 0x00000000c5f00000, 0x00000000c5f00000| Untracked 
|  96|0x00000000c6000000, 0x00000000c6000000, 0x00000000c6100000|  0%| F|  |TAMS 0x00000000c6000000, 0x00000000c6000000| Untracked 
|  97|0x00000000c6100000, 0x00000000c6100000, 0x00000000c6200000|  0%| F|  |TAMS 0x00000000c6100000, 0x00000000c6100000| Untracked 
|  98|0x00000000c6200000, 0x00000000c6200000, 0x00000000c6300000|  0%| F|  |TAMS 0x00000000c6200000, 0x00000000c6200000| Untracked 
|  99|0x00000000c6300000, 0x00000000c6300000, 0x00000000c6400000|  0%| F|  |TAMS 0x00000000c6300000, 0x00000000c6300000| Untracked 
| 100|0x00000000c6400000, 0x00000000c6400000, 0x00000000c6500000|  0%| F|  |TAMS 0x00000000c6400000, 0x00000000c6400000| Untracked 
| 101|0x00000000c6500000, 0x00000000c6500000, 0x00000000c6600000|  0%| F|  |TAMS 0x00000000c6500000, 0x00000000c6500000| Untracked 
| 102|0x00000000c6600000, 0x00000000c6600000, 0x00000000c6700000|  0%| F|  |TAMS 0x00000000c6600000, 0x00000000c6600000| Untracked 
| 103|0x00000000c6700000, 0x00000000c6700000, 0x00000000c6800000|  0%| F|  |TAMS 0x00000000c6700000, 0x00000000c6700000| Untracked 
| 104|0x00000000c6800000, 0x00000000c6800000, 0x00000000c6900000|  0%| F|  |TAMS 0x00000000c6800000, 0x00000000c6800000| Untracked 
| 105|0x00000000c6900000, 0x00000000c6900000, 0x00000000c6a00000|  0%| F|  |TAMS 0x00000000c6900000, 0x00000000c6900000| Untracked 
| 106|0x00000000c6a00000, 0x00000000c6a00000, 0x00000000c6b00000|  0%| F|  |TAMS 0x00000000c6a00000, 0x00000000c6a00000| Untracked 
| 107|0x00000000c6b00000, 0x00000000c6b00000, 0x00000000c6c00000|  0%| F|  |TAMS 0x00000000c6b00000, 0x00000000c6b00000| Untracked 
| 108|0x00000000c6c00000, 0x00000000c6c12648, 0x00000000c6d00000|  7%| O|  |TAMS 0x00000000c6c00000, 0x00000000c6c00000| Untracked 
| 109|0x00000000c6d00000, 0x00000000c6d00000, 0x00000000c6e00000|  0%| F|  |TAMS 0x00000000c6d00000, 0x00000000c6d00000| Untracked 
| 110|0x00000000c6e00000, 0x00000000c6e00000, 0x00000000c6f00000|  0%| F|  |TAMS 0x00000000c6e00000, 0x00000000c6e00000| Untracked 
| 111|0x00000000c6f00000, 0x00000000c6f00000, 0x00000000c7000000|  0%| F|  |TAMS 0x00000000c6f00000, 0x00000000c6f00000| Untracked 
| 112|0x00000000c7000000, 0x00000000c7000000, 0x00000000c7100000|  0%| F|  |TAMS 0x00000000c7000000, 0x00000000c7000000| Untracked 
| 113|0x00000000c7100000, 0x00000000c7100000, 0x00000000c7200000|  0%| F|  |TAMS 0x00000000c7100000, 0x00000000c7100000| Untracked 
| 114|0x00000000c7200000, 0x00000000c7200000, 0x00000000c7300000|  0%| F|  |TAMS 0x00000000c7200000, 0x00000000c7200000| Untracked 
| 115|0x00000000c7300000, 0x00000000c7300000, 0x00000000c7400000|  0%| F|  |TAMS 0x00000000c7300000, 0x00000000c7300000| Untracked 
| 116|0x00000000c7400000, 0x00000000c7400000, 0x00000000c7500000|  0%| F|  |TAMS 0x00000000c7400000, 0x00000000c7400000| Untracked 
| 117|0x00000000c7500000, 0x00000000c7500000, 0x00000000c7600000|  0%| F|  |TAMS 0x00000000c7500000, 0x00000000c7500000| Untracked 
| 118|0x00000000c7600000, 0x00000000c7600000, 0x00000000c7700000|  0%| F|  |TAMS 0x00000000c7600000, 0x00000000c7600000| Untracked 
| 119|0x00000000c7700000, 0x00000000c7700000, 0x00000000c7800000|  0%| F|  |TAMS 0x00000000c7700000, 0x00000000c7700000| Untracked 
| 120|0x00000000c7800000, 0x00000000c7800000, 0x00000000c7900000|  0%| F|  |TAMS 0x00000000c7800000, 0x00000000c7800000| Untracked 
| 121|0x00000000c7900000, 0x00000000c7900000, 0x00000000c7a00000|  0%| F|  |TAMS 0x00000000c7900000, 0x00000000c7900000| Untracked 
| 122|0x00000000c7a00000, 0x00000000c7a00000, 0x00000000c7b00000|  0%| F|  |TAMS 0x00000000c7a00000, 0x00000000c7a00000| Untracked 
| 123|0x00000000c7b00000, 0x00000000c7b00000, 0x00000000c7c00000|  0%| F|  |TAMS 0x00000000c7b00000, 0x00000000c7b00000| Untracked 
| 124|0x00000000c7c00000, 0x00000000c7c00000, 0x00000000c7d00000|  0%| F|  |TAMS 0x00000000c7c00000, 0x00000000c7c00000| Untracked 
| 125|0x00000000c7d00000, 0x00000000c7d00000, 0x00000000c7e00000|  0%| F|  |TAMS 0x00000000c7d00000, 0x00000000c7d00000| Untracked 
| 126|0x00000000c7e00000, 0x00000000c7e00000, 0x00000000c7f00000|  0%| F|  |TAMS 0x00000000c7e00000, 0x00000000c7e00000| Untracked 
| 127|0x00000000c7f00000, 0x00000000c7f00000, 0x00000000c8000000|  0%| F|  |TAMS 0x00000000c7f00000, 0x00000000c7f00000| Untracked 
| 128|0x00000000c8000000, 0x00000000c8000000, 0x00000000c8100000|  0%| F|  |TAMS 0x00000000c8000000, 0x00000000c8000000| Untracked 
| 129|0x00000000c8100000, 0x00000000c8100000, 0x00000000c8200000|  0%| F|  |TAMS 0x00000000c8100000, 0x00000000c8100000| Untracked 
| 130|0x00000000c8200000, 0x00000000c8200000, 0x00000000c8300000|  0%| F|  |TAMS 0x00000000c8200000, 0x00000000c8200000| Untracked 
| 131|0x00000000c8300000, 0x00000000c8300000, 0x00000000c8400000|  0%| F|  |TAMS 0x00000000c8300000, 0x00000000c8300000| Untracked 
| 132|0x00000000c8400000, 0x00000000c8400000, 0x00000000c8500000|  0%| F|  |TAMS 0x00000000c8400000, 0x00000000c8400000| Untracked 
| 133|0x00000000c8500000, 0x00000000c8500000, 0x00000000c8600000|  0%| F|  |TAMS 0x00000000c8500000, 0x00000000c8500000| Untracked 
| 134|0x00000000c8600000, 0x00000000c8600000, 0x00000000c8700000|  0%| F|  |TAMS 0x00000000c8600000, 0x00000000c8600000| Untracked 
| 135|0x00000000c8700000, 0x00000000c8700000, 0x00000000c8800000|  0%| F|  |TAMS 0x00000000c8700000, 0x00000000c8700000| Untracked 
| 136|0x00000000c8800000, 0x00000000c8800000, 0x00000000c8900000|  0%| F|  |TAMS 0x00000000c8800000, 0x00000000c8800000| Untracked 
| 137|0x00000000c8900000, 0x00000000c8900000, 0x00000000c8a00000|  0%| F|  |TAMS 0x00000000c8900000, 0x00000000c8900000| Untracked 
| 138|0x00000000c8a00000, 0x00000000c8a00000, 0x00000000c8b00000|  0%| F|  |TAMS 0x00000000c8a00000, 0x00000000c8a00000| Untracked 
| 139|0x00000000c8b00000, 0x00000000c8b00000, 0x00000000c8c00000|  0%| F|  |TAMS 0x00000000c8b00000, 0x00000000c8b00000| Untracked 
| 140|0x00000000c8c00000, 0x00000000c8c00000, 0x00000000c8d00000|  0%| F|  |TAMS 0x00000000c8c00000, 0x00000000c8c00000| Untracked 
| 141|0x00000000c8d00000, 0x00000000c8d00000, 0x00000000c8e00000|  0%| F|  |TAMS 0x00000000c8d00000, 0x00000000c8d00000| Untracked 
| 142|0x00000000c8e00000, 0x00000000c8e00000, 0x00000000c8f00000|  0%| F|  |TAMS 0x00000000c8e00000, 0x00000000c8e00000| Untracked 
| 143|0x00000000c8f00000, 0x00000000c8f00000, 0x00000000c9000000|  0%| F|  |TAMS 0x00000000c8f00000, 0x00000000c8f00000| Untracked 
| 144|0x00000000c9000000, 0x00000000c9000000, 0x00000000c9100000|  0%| F|  |TAMS 0x00000000c9000000, 0x00000000c9000000| Untracked 
| 145|0x00000000c9100000, 0x00000000c9100000, 0x00000000c9200000|  0%| F|  |TAMS 0x00000000c9100000, 0x00000000c9100000| Untracked 
| 146|0x00000000c9200000, 0x00000000c9200000, 0x00000000c9300000|  0%| F|  |TAMS 0x00000000c9200000, 0x00000000c9200000| Untracked 
| 147|0x00000000c9300000, 0x00000000c9300000, 0x00000000c9400000|  0%| F|  |TAMS 0x00000000c9300000, 0x00000000c9300000| Untracked 
| 148|0x00000000c9400000, 0x00000000c9400000, 0x00000000c9500000|  0%| F|  |TAMS 0x00000000c9400000, 0x00000000c9400000| Untracked 
| 149|0x00000000c9500000, 0x00000000c9500000, 0x00000000c9600000|  0%| F|  |TAMS 0x00000000c9500000, 0x00000000c9500000| Untracked 
| 150|0x00000000c9600000, 0x00000000c9600000, 0x00000000c9700000|  0%| F|  |TAMS 0x00000000c9600000, 0x00000000c9600000| Untracked 
| 151|0x00000000c9700000, 0x00000000c9700000, 0x00000000c9800000|  0%| F|  |TAMS 0x00000000c9700000, 0x00000000c9700000| Untracked 
| 152|0x00000000c9800000, 0x00000000c9800000, 0x00000000c9900000|  0%| F|  |TAMS 0x00000000c9800000, 0x00000000c9800000| Untracked 
| 153|0x00000000c9900000, 0x00000000c9900000, 0x00000000c9a00000|  0%| F|  |TAMS 0x00000000c9900000, 0x00000000c9900000| Untracked 
| 154|0x00000000c9a00000, 0x00000000c9a00000, 0x00000000c9b00000|  0%| F|  |TAMS 0x00000000c9a00000, 0x00000000c9a00000| Untracked 
| 155|0x00000000c9b00000, 0x00000000c9b00000, 0x00000000c9c00000|  0%| F|  |TAMS 0x00000000c9b00000, 0x00000000c9b00000| Untracked 
| 156|0x00000000c9c00000, 0x00000000c9c00000, 0x00000000c9d00000|  0%| F|  |TAMS 0x00000000c9c00000, 0x00000000c9c00000| Untracked 
| 157|0x00000000c9d00000, 0x00000000c9d00000, 0x00000000c9e00000|  0%| F|  |TAMS 0x00000000c9d00000, 0x00000000c9d00000| Untracked 
| 158|0x00000000c9e00000, 0x00000000c9e00000, 0x00000000c9f00000|  0%| F|  |TAMS 0x00000000c9e00000, 0x00000000c9e00000| Untracked 
| 159|0x00000000c9f00000, 0x00000000c9f00000, 0x00000000ca000000|  0%| F|  |TAMS 0x00000000c9f00000, 0x00000000c9f00000| Untracked 
| 160|0x00000000ca000000, 0x00000000ca000000, 0x00000000ca100000|  0%| F|  |TAMS 0x00000000ca000000, 0x00000000ca000000| Untracked 
| 161|0x00000000ca100000, 0x00000000ca100000, 0x00000000ca200000|  0%| F|  |TAMS 0x00000000ca100000, 0x00000000ca100000| Untracked 
| 162|0x00000000ca200000, 0x00000000ca200000, 0x00000000ca300000|  0%| F|  |TAMS 0x00000000ca200000, 0x00000000ca200000| Untracked 
| 163|0x00000000ca300000, 0x00000000ca300000, 0x00000000ca400000|  0%| F|  |TAMS 0x00000000ca300000, 0x00000000ca300000| Untracked 
| 164|0x00000000ca400000, 0x00000000ca400000, 0x00000000ca500000|  0%| F|  |TAMS 0x00000000ca400000, 0x00000000ca400000| Untracked 
| 165|0x00000000ca500000, 0x00000000ca500000, 0x00000000ca600000|  0%| F|  |TAMS 0x00000000ca500000, 0x00000000ca500000| Untracked 
| 166|0x00000000ca600000, 0x00000000ca600000, 0x00000000ca700000|  0%| F|  |TAMS 0x00000000ca600000, 0x00000000ca600000| Untracked 
| 167|0x00000000ca700000, 0x00000000ca700000, 0x00000000ca800000|  0%| F|  |TAMS 0x00000000ca700000, 0x00000000ca700000| Untracked 
| 168|0x00000000ca800000, 0x00000000ca800000, 0x00000000ca900000|  0%| F|  |TAMS 0x00000000ca800000, 0x00000000ca800000| Untracked 
| 169|0x00000000ca900000, 0x00000000ca900000, 0x00000000caa00000|  0%| F|  |TAMS 0x00000000ca900000, 0x00000000ca900000| Untracked 
| 170|0x00000000caa00000, 0x00000000caa00000, 0x00000000cab00000|  0%| F|  |TAMS 0x00000000caa00000, 0x00000000caa00000| Untracked 
| 171|0x00000000cab00000, 0x00000000cab00000, 0x00000000cac00000|  0%| F|  |TAMS 0x00000000cab00000, 0x00000000cab00000| Untracked 
| 172|0x00000000cac00000, 0x00000000cac00000, 0x00000000cad00000|  0%| F|  |TAMS 0x00000000cac00000, 0x00000000cac00000| Untracked 
| 173|0x00000000cad00000, 0x00000000cad00000, 0x00000000cae00000|  0%| F|  |TAMS 0x00000000cad00000, 0x00000000cad00000| Untracked 
| 174|0x00000000cae00000, 0x00000000cae00000, 0x00000000caf00000|  0%| F|  |TAMS 0x00000000cae00000, 0x00000000cae00000| Untracked 
| 175|0x00000000caf00000, 0x00000000caf00000, 0x00000000cb000000|  0%| F|  |TAMS 0x00000000caf00000, 0x00000000caf00000| Untracked 
| 176|0x00000000cb000000, 0x00000000cb000000, 0x00000000cb100000|  0%| F|  |TAMS 0x00000000cb000000, 0x00000000cb000000| Untracked 
| 177|0x00000000cb100000, 0x00000000cb100000, 0x00000000cb200000|  0%| F|  |TAMS 0x00000000cb100000, 0x00000000cb100000| Untracked 
| 178|0x00000000cb200000, 0x00000000cb200000, 0x00000000cb300000|  0%| F|  |TAMS 0x00000000cb200000, 0x00000000cb200000| Untracked 
| 179|0x00000000cb300000, 0x00000000cb300000, 0x00000000cb400000|  0%| F|  |TAMS 0x00000000cb300000, 0x00000000cb300000| Untracked 
| 180|0x00000000cb400000, 0x00000000cb400000, 0x00000000cb500000|  0%| F|  |TAMS 0x00000000cb400000, 0x00000000cb400000| Untracked 
| 181|0x00000000cb500000, 0x00000000cb500000, 0x00000000cb600000|  0%| F|  |TAMS 0x00000000cb500000, 0x00000000cb500000| Untracked 
| 182|0x00000000cb600000, 0x00000000cb600000, 0x00000000cb700000|  0%| F|  |TAMS 0x00000000cb600000, 0x00000000cb600000| Untracked 
| 183|0x00000000cb700000, 0x00000000cb700000, 0x00000000cb800000|  0%| F|  |TAMS 0x00000000cb700000, 0x00000000cb700000| Untracked 
| 184|0x00000000cb800000, 0x00000000cb800000, 0x00000000cb900000|  0%| F|  |TAMS 0x00000000cb800000, 0x00000000cb800000| Untracked 
| 185|0x00000000cb900000, 0x00000000cb900000, 0x00000000cba00000|  0%| F|  |TAMS 0x00000000cb900000, 0x00000000cb900000| Untracked 
| 186|0x00000000cba00000, 0x00000000cba00000, 0x00000000cbb00000|  0%| F|  |TAMS 0x00000000cba00000, 0x00000000cba00000| Untracked 
| 187|0x00000000cbb00000, 0x00000000cbb00000, 0x00000000cbc00000|  0%| F|  |TAMS 0x00000000cbb00000, 0x00000000cbb00000| Untracked 
| 188|0x00000000cbc00000, 0x00000000cbc00000, 0x00000000cbd00000|  0%| F|  |TAMS 0x00000000cbc00000, 0x00000000cbc00000| Untracked 
| 189|0x00000000cbd00000, 0x00000000cbd00000, 0x00000000cbe00000|  0%| F|  |TAMS 0x00000000cbd00000, 0x00000000cbd00000| Untracked 
| 190|0x00000000cbe00000, 0x00000000cbe00000, 0x00000000cbf00000|  0%| F|  |TAMS 0x00000000cbe00000, 0x00000000cbe00000| Untracked 
| 191|0x00000000cbf00000, 0x00000000cbf00000, 0x00000000cc000000|  0%| F|  |TAMS 0x00000000cbf00000, 0x00000000cbf00000| Untracked 
| 192|0x00000000cc000000, 0x00000000cc000000, 0x00000000cc100000|  0%| F|  |TAMS 0x00000000cc000000, 0x00000000cc000000| Untracked 
| 193|0x00000000cc100000, 0x00000000cc100000, 0x00000000cc200000|  0%| F|  |TAMS 0x00000000cc100000, 0x00000000cc100000| Untracked 
| 194|0x00000000cc200000, 0x00000000cc200000, 0x00000000cc300000|  0%| F|  |TAMS 0x00000000cc200000, 0x00000000cc200000| Untracked 
| 195|0x00000000cc300000, 0x00000000cc300000, 0x00000000cc400000|  0%| F|  |TAMS 0x00000000cc300000, 0x00000000cc300000| Untracked 
| 196|0x00000000cc400000, 0x00000000cc400000, 0x00000000cc500000|  0%| F|  |TAMS 0x00000000cc400000, 0x00000000cc400000| Untracked 
| 197|0x00000000cc500000, 0x00000000cc500000, 0x00000000cc600000|  0%| F|  |TAMS 0x00000000cc500000, 0x00000000cc500000| Untracked 
| 198|0x00000000cc600000, 0x00000000cc600000, 0x00000000cc700000|  0%| F|  |TAMS 0x00000000cc600000, 0x00000000cc600000| Untracked 
| 199|0x00000000cc700000, 0x00000000cc700000, 0x00000000cc800000|  0%| F|  |TAMS 0x00000000cc700000, 0x00000000cc700000| Untracked 
| 200|0x00000000cc800000, 0x00000000cc800000, 0x00000000cc900000|  0%| F|  |TAMS 0x00000000cc800000, 0x00000000cc800000| Untracked 
| 201|0x00000000cc900000, 0x00000000cc900000, 0x00000000cca00000|  0%| F|  |TAMS 0x00000000cc900000, 0x00000000cc900000| Untracked 
| 202|0x00000000cca00000, 0x00000000cca00000, 0x00000000ccb00000|  0%| F|  |TAMS 0x00000000cca00000, 0x00000000cca00000| Untracked 
| 203|0x00000000ccb00000, 0x00000000ccb00000, 0x00000000ccc00000|  0%| F|  |TAMS 0x00000000ccb00000, 0x00000000ccb00000| Untracked 
| 204|0x00000000ccc00000, 0x00000000ccc00000, 0x00000000ccd00000|  0%| F|  |TAMS 0x00000000ccc00000, 0x00000000ccc00000| Untracked 
| 205|0x00000000ccd00000, 0x00000000ccd00000, 0x00000000cce00000|  0%| F|  |TAMS 0x00000000ccd00000, 0x00000000ccd00000| Untracked 
| 206|0x00000000cce00000, 0x00000000cce00000, 0x00000000ccf00000|  0%| F|  |TAMS 0x00000000cce00000, 0x00000000cce00000| Untracked 
| 207|0x00000000ccf00000, 0x00000000ccf00000, 0x00000000cd000000|  0%| F|  |TAMS 0x00000000ccf00000, 0x00000000ccf00000| Untracked 
| 208|0x00000000cd000000, 0x00000000cd000000, 0x00000000cd100000|  0%| F|  |TAMS 0x00000000cd000000, 0x00000000cd000000| Untracked 
| 209|0x00000000cd100000, 0x00000000cd100000, 0x00000000cd200000|  0%| F|  |TAMS 0x00000000cd100000, 0x00000000cd100000| Untracked 
| 210|0x00000000cd200000, 0x00000000cd200000, 0x00000000cd300000|  0%| F|  |TAMS 0x00000000cd200000, 0x00000000cd200000| Untracked 
| 211|0x00000000cd300000, 0x00000000cd300000, 0x00000000cd400000|  0%| F|  |TAMS 0x00000000cd300000, 0x00000000cd300000| Untracked 
| 212|0x00000000cd400000, 0x00000000cd400000, 0x00000000cd500000|  0%| F|  |TAMS 0x00000000cd400000, 0x00000000cd400000| Untracked 
| 213|0x00000000cd500000, 0x00000000cd500000, 0x00000000cd600000|  0%| F|  |TAMS 0x00000000cd500000, 0x00000000cd500000| Untracked 
| 214|0x00000000cd600000, 0x00000000cd600000, 0x00000000cd700000|  0%| F|  |TAMS 0x00000000cd600000, 0x00000000cd600000| Untracked 
| 215|0x00000000cd700000, 0x00000000cd700000, 0x00000000cd800000|  0%| F|  |TAMS 0x00000000cd700000, 0x00000000cd700000| Untracked 
| 216|0x00000000cd800000, 0x00000000cd800000, 0x00000000cd900000|  0%| F|  |TAMS 0x00000000cd800000, 0x00000000cd800000| Untracked 
| 217|0x00000000cd900000, 0x00000000cd900000, 0x00000000cda00000|  0%| F|  |TAMS 0x00000000cd900000, 0x00000000cd900000| Untracked 
| 218|0x00000000cda00000, 0x00000000cda00000, 0x00000000cdb00000|  0%| F|  |TAMS 0x00000000cda00000, 0x00000000cda00000| Untracked 
| 219|0x00000000cdb00000, 0x00000000cdb00000, 0x00000000cdc00000|  0%| F|  |TAMS 0x00000000cdb00000, 0x00000000cdb00000| Untracked 
| 220|0x00000000cdc00000, 0x00000000cdc00000, 0x00000000cdd00000|  0%| F|  |TAMS 0x00000000cdc00000, 0x00000000cdc00000| Untracked 
| 221|0x00000000cdd00000, 0x00000000cdd00000, 0x00000000cde00000|  0%| F|  |TAMS 0x00000000cdd00000, 0x00000000cdd00000| Untracked 
| 222|0x00000000cde00000, 0x00000000cde00000, 0x00000000cdf00000|  0%| F|  |TAMS 0x00000000cde00000, 0x00000000cde00000| Untracked 
| 223|0x00000000cdf00000, 0x00000000cdf00000, 0x00000000ce000000|  0%| F|  |TAMS 0x00000000cdf00000, 0x00000000cdf00000| Untracked 
| 224|0x00000000ce000000, 0x00000000ce000000, 0x00000000ce100000|  0%| F|  |TAMS 0x00000000ce000000, 0x00000000ce000000| Untracked 
| 225|0x00000000ce100000, 0x00000000ce100000, 0x00000000ce200000|  0%| F|  |TAMS 0x00000000ce100000, 0x00000000ce100000| Untracked 
| 226|0x00000000ce200000, 0x00000000ce200000, 0x00000000ce300000|  0%| F|  |TAMS 0x00000000ce200000, 0x00000000ce200000| Untracked 
| 227|0x00000000ce300000, 0x00000000ce300000, 0x00000000ce400000|  0%| F|  |TAMS 0x00000000ce300000, 0x00000000ce300000| Untracked 
| 228|0x00000000ce400000, 0x00000000ce400000, 0x00000000ce500000|  0%| F|  |TAMS 0x00000000ce400000, 0x00000000ce400000| Untracked 
| 229|0x00000000ce500000, 0x00000000ce500000, 0x00000000ce600000|  0%| F|  |TAMS 0x00000000ce500000, 0x00000000ce500000| Untracked 
| 230|0x00000000ce600000, 0x00000000ce600000, 0x00000000ce700000|  0%| F|  |TAMS 0x00000000ce600000, 0x00000000ce600000| Untracked 
| 231|0x00000000ce700000, 0x00000000ce700000, 0x00000000ce800000|  0%| F|  |TAMS 0x00000000ce700000, 0x00000000ce700000| Untracked 
| 232|0x00000000ce800000, 0x00000000ce800000, 0x00000000ce900000|  0%| F|  |TAMS 0x00000000ce800000, 0x00000000ce800000| Untracked 
| 233|0x00000000ce900000, 0x00000000ce900000, 0x00000000cea00000|  0%| F|  |TAMS 0x00000000ce900000, 0x00000000ce900000| Untracked 
| 234|0x00000000cea00000, 0x00000000cea00000, 0x00000000ceb00000|  0%| F|  |TAMS 0x00000000cea00000, 0x00000000cea00000| Untracked 
| 235|0x00000000ceb00000, 0x00000000ceb00000, 0x00000000cec00000|  0%| F|  |TAMS 0x00000000ceb00000, 0x00000000ceb00000| Untracked 
| 236|0x00000000cec00000, 0x00000000cec00000, 0x00000000ced00000|  0%| F|  |TAMS 0x00000000cec00000, 0x00000000cec00000| Untracked 
| 237|0x00000000ced00000, 0x00000000ced00000, 0x00000000cee00000|  0%| F|  |TAMS 0x00000000ced00000, 0x00000000ced00000| Untracked 
| 238|0x00000000cee00000, 0x00000000cee00000, 0x00000000cef00000|  0%| F|  |TAMS 0x00000000cee00000, 0x00000000cee00000| Untracked 
| 239|0x00000000cef00000, 0x00000000cef00000, 0x00000000cf000000|  0%| F|  |TAMS 0x00000000cef00000, 0x00000000cef00000| Untracked 
| 240|0x00000000cf000000, 0x00000000cf000000, 0x00000000cf100000|  0%| F|  |TAMS 0x00000000cf000000, 0x00000000cf000000| Untracked 
| 241|0x00000000cf100000, 0x00000000cf100000, 0x00000000cf200000|  0%| F|  |TAMS 0x00000000cf100000, 0x00000000cf100000| Untracked 
| 242|0x00000000cf200000, 0x00000000cf200000, 0x00000000cf300000|  0%| F|  |TAMS 0x00000000cf200000, 0x00000000cf200000| Untracked 
| 243|0x00000000cf300000, 0x00000000cf300000, 0x00000000cf400000|  0%| F|  |TAMS 0x00000000cf300000, 0x00000000cf300000| Untracked 
| 244|0x00000000cf400000, 0x00000000cf400000, 0x00000000cf500000|  0%| F|  |TAMS 0x00000000cf400000, 0x00000000cf400000| Untracked 
| 245|0x00000000cf500000, 0x00000000cf500000, 0x00000000cf600000|  0%| F|  |TAMS 0x00000000cf500000, 0x00000000cf500000| Untracked 
| 246|0x00000000cf600000, 0x00000000cf680800, 0x00000000cf700000| 50%| E|  |TAMS 0x00000000cf600000, 0x00000000cf600000| Complete 
| 247|0x00000000cf700000, 0x00000000cf800000, 0x00000000cf800000|100%| E|CS|TAMS 0x00000000cf700000, 0x00000000cf700000| Complete 
| 248|0x00000000cf800000, 0x00000000cf900000, 0x00000000cf900000|100%| E|CS|TAMS 0x00000000cf800000, 0x00000000cf800000| Complete 
| 249|0x00000000cf900000, 0x00000000cfa00000, 0x00000000cfa00000|100%| E|CS|TAMS 0x00000000cf900000, 0x00000000cf900000| Complete 
| 250|0x00000000cfa00000, 0x00000000cfb00000, 0x00000000cfb00000|100%| E|CS|TAMS 0x00000000cfa00000, 0x00000000cfa00000| Complete 
| 251|0x00000000cfb00000, 0x00000000cfc00000, 0x00000000cfc00000|100%| E|CS|TAMS 0x00000000cfb00000, 0x00000000cfb00000| Complete 
| 252|0x00000000cfc00000, 0x00000000cfd00000, 0x00000000cfd00000|100%| E|CS|TAMS 0x00000000cfc00000, 0x00000000cfc00000| Complete 
| 253|0x00000000cfd00000, 0x00000000cfe00000, 0x00000000cfe00000|100%| E|CS|TAMS 0x00000000cfd00000, 0x00000000cfd00000| Complete 
| 254|0x00000000cfe00000, 0x00000000cff00000, 0x00000000cff00000|100%| E|CS|TAMS 0x00000000cfe00000, 0x00000000cfe00000| Complete 
| 255|0x00000000cff00000, 0x00000000d0000000, 0x00000000d0000000|100%| E|CS|TAMS 0x00000000cff00000, 0x00000000cff00000| Complete 
| 256|0x00000000d0000000, 0x00000000d0100000, 0x00000000d0100000|100%| E|CS|TAMS 0x00000000d0000000, 0x00000000d0000000| Complete 
| 257|0x00000000d0100000, 0x00000000d0200000, 0x00000000d0200000|100%| E|CS|TAMS 0x00000000d0100000, 0x00000000d0100000| Complete 
| 258|0x00000000d0200000, 0x00000000d0300000, 0x00000000d0300000|100%| E|CS|TAMS 0x00000000d0200000, 0x00000000d0200000| Complete 
| 259|0x00000000d0300000, 0x00000000d0400000, 0x00000000d0400000|100%| E|CS|TAMS 0x00000000d0300000, 0x00000000d0300000| Complete 
| 260|0x00000000d0400000, 0x00000000d0500000, 0x00000000d0500000|100%| E|CS|TAMS 0x00000000d0400000, 0x00000000d0400000| Complete 
| 348|0x00000000d5c00000, 0x00000000d5c4ca68, 0x00000000d5d00000| 29%| O|  |TAMS 0x00000000d5c00000, 0x00000000d5c00000| Untracked 
| 355|0x00000000d6300000, 0x00000000d6330f08, 0x00000000d6400000| 19%| O|  |TAMS 0x00000000d6300000, 0x00000000d6300000| Untracked 
| 359|0x00000000d6700000, 0x00000000d6778590, 0x00000000d6800000| 47%| O|  |TAMS 0x00000000d6700000, 0x00000000d6700000| Untracked 

Card table byte_map: [0x000001ef05f10000,0x000001ef06110000] _byte_map_base: 0x000001ef05910000

Marking Bits (Prev, Next): (CMBitMap*) 0x000001ef01565e88, (CMBitMap*) 0x000001ef01565ec0
 Prev Bits: [0x000001ef1dc20000, 0x000001ef1ec20000)
 Next Bits: [0x000001ef1ec20000, 0x000001ef1fc20000)

Polling page: 0x000001ef03140000

Metaspace:

Usage:
  Non-class:      7.29 MB capacity,     7.16 MB ( 98%) used,   124.73 KB (  2%) free+waste,     6.69 KB ( <1%) overhead. 
      Class:    780.00 KB capacity,   711.66 KB ( 91%) used,    65.52 KB (  8%) free+waste,     2.81 KB ( <1%) overhead. 
       Both:      8.05 MB capacity,     7.85 MB ( 98%) used,   190.26 KB (  2%) free+waste,     9.50 KB ( <1%) overhead. 

Virtual space:
  Non-class space:        8.00 MB reserved,       7.50 MB ( 94%) committed 
      Class space:        1.00 GB reserved,     896.00 KB ( <1%) committed 
             Both:        1.01 GB reserved,       8.38 MB ( <1%) committed 

Chunk freelists:
   Non-Class:  3.50 KB
       Class:  2.50 KB
        Both:  6.00 KB

CodeHeap 'non-profiled nmethods': size=120000Kb used=286Kb max_used=286Kb free=119713Kb
 bounds [0x000001ef166f0000, 0x000001ef16960000, 0x000001ef1dc20000]
CodeHeap 'profiled nmethods': size=120000Kb used=1326Kb max_used=1326Kb free=118673Kb
 bounds [0x000001ef0f1c0000, 0x000001ef0f430000, 0x000001ef166f0000]
CodeHeap 'non-nmethods': size=5760Kb used=1069Kb max_used=1102Kb free=4691Kb
 bounds [0x000001ef0ec20000, 0x000001ef0ee90000, 0x000001ef0f1c0000]
 total_blobs=1179 nmethods=812 adapters=279
 compilation: enabled
              stopped_count=0, restarted_count=0
 full_count=0

Compilation events (10 events):
Event: 0.161 Thread 0x000001ef01d8a000  376       3       java.lang.reflect.ProxyGenerator$ConstantPool$IndirectEntry::<init> (20 bytes)
Event: 0.161 Thread 0x000001ef01d8a000 nmethod 376 0x000001ef0f239b90 code [0x000001ef0f239d40, 0x000001ef0f239ef8]
Event: 0.161 Thread 0x000001ef01d8a000  378       3       java.lang.reflect.ProxyGenerator$ConstantPool::getClass (21 bytes)
Event: 0.162 Thread 0x000001ef01d8a000 nmethod 378 0x000001ef0f23a010 code [0x000001ef0f23a200, 0x000001ef0f23a668]
Event: 0.162 Thread 0x000001ef01d8a000  381       3       java.lang.Class::getMethodsRecursive (99 bytes)
Event: 0.162 Thread 0x000001ef01d8a000 nmethod 381 0x000001ef0f23a890 code [0x000001ef0f23aac0, 0x000001ef0f23b048]
Event: 0.162 Thread 0x000001ef01d8a000  380       3       java.lang.reflect.Modifier::isPublic (12 bytes)
Event: 0.162 Thread 0x000001ef01d8a000 nmethod 380 0x000001ef0f23b390 code [0x000001ef0f23b520, 0x000001ef0f23b658]
Event: 0.162 Thread 0x000001ef01d8a000  379       3       java.lang.Class::getMethod (59 bytes)
Event: 0.170 Thread 0x000001ef01d8a000 nmethod 379 0x000001ef0f23b710 code [0x000001ef0f23b9c0, 0x000001ef0f23c5e8]

GC Heap History (2 events):
Event: 0.162 GC heap before
{Heap before GC invocations=0 (full 0):
 garbage-first heap   total 522240K, used 4096K [0x00000000c0000000, 0x0000000100000000)
  region size 1024K, 5 young (5120K), 0 survivors (0K)
 Metaspace       used 6744K, capacity 6889K, committed 7040K, reserved 1056768K
  class space    used 599K, capacity 633K, committed 640K, reserved 1048576K
}
Event: 0.169 GC heap after
{Heap after GC invocations=1 (full 1):
 garbage-first heap   total 17408K, used 1561K [0x00000000c0000000, 0x0000000100000000)
  region size 1024K, 0 young (0K), 0 survivors (0K)
 Metaspace       used 6744K, capacity 6889K, committed 7040K, reserved 1056768K
  class space    used 599K, capacity 633K, committed 640K, reserved 1048576K
}

Deoptimization events (2 events):
Event: 0.065 Thread 0x000001ef6e3c2800 Uncommon trap: reason=unstable_if action=reinterpret pc=0x000001ef166f4d10 method=java.lang.String.hashCode()I @ 14 c2
Event: 0.161 Thread 0x000001ef6e3c2800 Uncommon trap: reason=unstable_if action=reinterpret pc=0x000001ef16703678 method=java.util.HashMap.getNode(ILjava/lang/Object;)Ljava/util/HashMap$Node; @ 129 c2

Classes redefined (0 events):
No events

Internal exceptions (3 events):
Event: 0.093 Thread 0x000001ef6e3c2800 Exception <a 'java/lang/NoClassDefFoundError'{0x00000000dfba93d0}: org/jpype/classloader/DynamicClassLoader> (0x00000000dfba93d0) thrown at [./open/src/hotspot/share/classfile/systemDictionary.cpp, line 216]
Event: 0.129 Thread 0x000001ef6e3c2800 Exception <a 'sun/nio/fs/WindowsException'{0x00000000dfaa1240}> (0x00000000dfaa1240) thrown at [./open/src/hotspot/share/prims/jni.cpp, line 611]
Event: 0.129 Thread 0x000001ef6e3c2800 Exception <a 'sun/nio/fs/WindowsException'{0x00000000dfaa1af8}> (0x00000000dfaa1af8) thrown at [./open/src/hotspot/share/prims/jni.cpp, line 611]

Events (10 events):
Event: 0.161 Thread 0x000001ef6e3c2800 Uncommon trap: trap_request=0xffffff4d fr.pc=0x000001ef16703678 relative=0x00000000000001d8
Event: 0.161 Thread 0x000001ef6e3c2800 DEOPT PACKING pc=0x000001ef16703678 sp=0x000000d9c35fa010
Event: 0.161 Thread 0x000001ef6e3c2800 DEOPT UNPACKING pc=0x000001ef0ec4662f sp=0x000000d9c35f9f80 mode 2
Event: 0.162 Executing VM operation: G1CollectFull
Event: 0.169 Executing VM operation: G1CollectFull done
Event: 0.206 loading class java/util/function/ToIntFunction
Event: 0.206 loading class java/util/function/ToIntFunction done
Event: 0.206 loading class java/util/function/ToLongFunction
Event: 0.206 loading class java/util/function/ToLongFunction done
Event: 0.206 loading class java/util/function/ToDoubleFunction


Dynamic libraries:
0x00007ff6f3f90000 - 0x00007ff6f3fac000 	C:\ProgramData\Anaconda3\envs\crp\python.exe
0x00007fffc06d0000 - 0x00007fffc08c5000 	C:\Windows\SYSTEM32\ntdll.dll
0x00007fffbfec0000 - 0x00007fffbff7d000 	C:\Windows\System32\KERNEL32.DLL
0x00007fffbe450000 - 0x00007fffbe71d000 	C:\Windows\System32\KERNELBASE.dll
0x00007fffbdfb0000 - 0x00007fffbe0b0000 	C:\Windows\System32\ucrtbase.dll
0x00007fff473d0000 - 0x00007fff478a4000 	C:\ProgramData\Anaconda3\envs\crp\python38.dll
0x00007fffab0c0000 - 0x00007fffab0d9000 	C:\ProgramData\Anaconda3\envs\crp\VCRUNTIME140.dll
0x00007fffbed40000 - 0x00007fffbed95000 	C:\Windows\System32\SHLWAPI.dll
0x00007fffbf130000 - 0x00007fffbf1ce000 	C:\Windows\System32\msvcrt.dll
0x00007fffb8260000 - 0x00007fffb826a000 	C:\Windows\SYSTEM32\VERSION.dll
0x00007fffbf0c0000 - 0x00007fffbf12b000 	C:\Windows\System32\WS2_32.dll
0x00007fffbef90000 - 0x00007fffbf0b5000 	C:\Windows\System32\RPCRT4.dll
0x00007fffbf6c0000 - 0x00007fffbf76e000 	C:\Windows\System32\ADVAPI32.dll
0x00007fffbeec0000 - 0x00007fffbef5c000 	C:\Windows\System32\sechost.dll
0x00007fffbdb70000 - 0x00007fffbdb88000 	C:\Windows\SYSTEM32\CRYPTSP.dll
0x00007fffbc7b0000 - 0x00007fffbc7e4000 	C:\Windows\system32\rsaenh.dll
0x00007fffbe170000 - 0x00007fffbe197000 	C:\Windows\System32\bcrypt.dll
0x00007fffbd060000 - 0x00007fffbd06c000 	C:\Windows\SYSTEM32\CRYPTBASE.dll
0x00007fffbe0e0000 - 0x00007fffbe162000 	C:\Windows\System32\bcryptPrimitives.dll
0x00007fffbd800000 - 0x00007fffbd80f000 	C:\ProgramData\Anaconda3\envs\crp\python3.DLL
0x00007fffab0a0000 - 0x00007fffab0b8000 	C:\ProgramData\Anaconda3\envs\crp\DLLs\_bz2.pyd
0x00007fffab070000 - 0x00007fffab0a0000 	C:\ProgramData\Anaconda3\envs\crp\DLLs\_lzma.pyd
0x00007fffab040000 - 0x00007fffab064000 	C:\ProgramData\Anaconda3\envs\crp\DLLs\_ctypes.pyd
0x00007fffc0000000 - 0x00007fffc012a000 	C:\Windows\System32\ole32.dll
0x00007fffbe720000 - 0x00007fffbea74000 	C:\Windows\System32\combase.dll
0x00007fffbd790000 - 0x00007fffbd79b000 	C:\ProgramData\Anaconda3\envs\crp\DLLs\libffi-7.dll
0x00007fffbf1d0000 - 0x00007fffbf1fa000 	C:\Windows\System32\GDI32.dll
0x00007fffbe0b0000 - 0x00007fffbe0d2000 	C:\Windows\System32\win32u.dll
0x00007fffbe1a0000 - 0x00007fffbe2ab000 	C:\Windows\System32\gdi32full.dll
0x00007fffbe360000 - 0x00007fffbe3fd000 	C:\Windows\System32\msvcp_win.dll
0x00007fffbf3e0000 - 0x00007fffbf580000 	C:\Windows\System32\USER32.dll
0x00007fffbf5f0000 - 0x00007fffbf6bd000 	C:\Windows\System32\OLEAUT32.dll
0x00007fffbf350000 - 0x00007fffbf380000 	C:\Windows\System32\IMM32.DLL
0x0000000066d80000 - 0x0000000068b11000 	C:\ProgramData\Anaconda3\envs\crp\lib\site-packages\numpy\.libs\libopenblas.WCDJNK7YVMPZQ2ME2ZZHJJRJ3JIKNDB7.gfortran-win_amd64.dll
0x00007fff4be60000 - 0x00007fff4c129000 	C:\ProgramData\Anaconda3\envs\crp\lib\site-packages\numpy\core\_multiarray_umath.cp38-win_amd64.pyd
0x00007fffab020000 - 0x00007fffab03f000 	C:\ProgramData\Anaconda3\envs\crp\lib\site-packages\numpy\core\_multiarray_tests.cp38-win_amd64.pyd
0x00007fffba850000 - 0x00007fffba859000 	C:\ProgramData\Anaconda3\envs\crp\lib\site-packages\numpy\linalg\lapack_lite.cp38-win_amd64.pyd
0x00007fffa22b0000 - 0x00007fffa22da000 	C:\ProgramData\Anaconda3\envs\crp\lib\site-packages\numpy\linalg\_umath_linalg.cp38-win_amd64.pyd
0x00007fffa06b0000 - 0x00007fffa06fb000 	C:\ProgramData\Anaconda3\envs\crp\DLLs\_decimal.pyd
0x00007fffab000000 - 0x00007fffab020000 	C:\ProgramData\Anaconda3\envs\crp\lib\site-packages\numpy\fft\_pocketfft_internal.cp38-win_amd64.pyd
0x00007fff8e380000 - 0x00007fff8e410000 	C:\ProgramData\Anaconda3\envs\crp\lib\site-packages\numpy\random\mtrand.cp38-win_amd64.pyd
0x00007fffa1b80000 - 0x00007fffa1ba9000 	C:\ProgramData\Anaconda3\envs\crp\lib\site-packages\numpy\random\bit_generator.cp38-win_amd64.pyd
0x00007fff9e030000 - 0x00007fff9e062000 	C:\ProgramData\Anaconda3\envs\crp\lib\site-packages\numpy\random\_common.cp38-win_amd64.pyd
0x00007fffb8c10000 - 0x00007fffb8c1c000 	C:\ProgramData\Anaconda3\envs\crp\DLLs\_hashlib.pyd
0x00007fff350d0000 - 0x00007fff3541c000 	C:\ProgramData\Anaconda3\envs\crp\Library\bin\libcrypto-1_1-x64.dll
0x00007fff994e0000 - 0x00007fff99520000 	C:\ProgramData\Anaconda3\envs\crp\lib\site-packages\numpy\random\_bounded_integers.cp38-win_amd64.pyd
0x00007fffa83f0000 - 0x00007fffa8408000 	C:\ProgramData\Anaconda3\envs\crp\lib\site-packages\numpy\random\_mt19937.cp38-win_amd64.pyd
0x00007fffa2f00000 - 0x00007fffa2f17000 	C:\ProgramData\Anaconda3\envs\crp\lib\site-packages\numpy\random\_philox.cp38-win_amd64.pyd
0x00007fff9eb60000 - 0x00007fff9eb75000 	C:\ProgramData\Anaconda3\envs\crp\lib\site-packages\numpy\random\_pcg64.cp38-win_amd64.pyd
0x00007fff9ea50000 - 0x00007fff9ea62000 	C:\ProgramData\Anaconda3\envs\crp\lib\site-packages\numpy\random\_sfc64.cp38-win_amd64.pyd
0x00007fff89730000 - 0x00007fff897d5000 	C:\ProgramData\Anaconda3\envs\crp\lib\site-packages\numpy\random\_generator.cp38-win_amd64.pyd
0x00007fffaab20000 - 0x00007fffaab29000 	C:\ProgramData\Anaconda3\envs\crp\lib\site-packages\matplotlib\_c_internal_utils.cp38-win_amd64.pyd
0x00007fffbf770000 - 0x00007fffbfeb4000 	C:\Windows\System32\SHELL32.dll
0x00007fff8df70000 - 0x00007fff8dfa5000 	C:\ProgramData\Anaconda3\envs\crp\DLLs\pyexpat.pyd
0x00007fff8ab60000 - 0x00007fff8ab9a000 	C:\ProgramData\Anaconda3\envs\crp\DLLs\_elementtree.pyd
0x00007fff829b0000 - 0x00007fff82a52000 	C:\ProgramData\Anaconda3\envs\crp\lib\site-packages\PIL\_imaging.cp38-win_amd64.pyd
0x00007fff9e010000 - 0x00007fff9e02a000 	C:\ProgramData\Anaconda3\envs\crp\zlib.dll
0x00007fff85f90000 - 0x00007fff85fe1000 	C:\ProgramData\Anaconda3\envs\crp\Library\bin\openjp2.dll
0x00007fff73250000 - 0x00007fff732ff000 	C:\ProgramData\Anaconda3\envs\crp\Library\bin\tiff.dll
0x00007fff7c380000 - 0x00007fff7c3e3000 	C:\ProgramData\Anaconda3\envs\crp\Library\bin\Lerc.dll
0x00007fff9d140000 - 0x00007fff9d154000 	C:\ProgramData\Anaconda3\envs\crp\Library\bin\libdeflate.dll
0x00007fff74a30000 - 0x00007fff74ab2000 	C:\ProgramData\Anaconda3\envs\crp\Library\bin\zstd.dll
0x00007fffa28a0000 - 0x00007fffa292d000 	C:\Windows\SYSTEM32\MSVCP140.dll
0x00007fffa2870000 - 0x00007fffa287c000 	C:\Windows\SYSTEM32\VCRUNTIME140_1.dll
0x00007fff99200000 - 0x00007fff9922c000 	C:\ProgramData\Anaconda3\envs\crp\lib\site-packages\matplotlib\_path.cp38-win_amd64.pyd
0x00007fff731b0000 - 0x00007fff73249000 	C:\ProgramData\Anaconda3\envs\crp\lib\site-packages\matplotlib\ft2font.cp38-win_amd64.pyd
0x00007fff92d20000 - 0x00007fff92d41000 	C:\ProgramData\Anaconda3\envs\crp\lib\site-packages\kiwisolver\_cext.cp38-win_amd64.pyd
0x00007fff920e0000 - 0x00007fff920f7000 	C:\ProgramData\Anaconda3\envs\crp\DLLs\_socket.pyd
0x00007fffbcb00000 - 0x00007fffbcb3b000 	C:\Windows\SYSTEM32\IPHLPAPI.DLL
0x00007fffa22a0000 - 0x00007fffa22a9000 	C:\ProgramData\Anaconda3\envs\crp\DLLs\select.pyd
0x00007fff8e060000 - 0x00007fff8e08b000 	C:\ProgramData\Anaconda3\envs\crp\DLLs\_ssl.pyd
0x00007fffbdde0000 - 0x00007fffbdf36000 	C:\Windows\System32\CRYPT32.dll
0x00007fff73100000 - 0x00007fff731ac000 	C:\ProgramData\Anaconda3\envs\crp\Library\bin\libssl-1_1-x64.dll
0x00007fff72da0000 - 0x00007fff72e13000 	C:\ProgramData\Anaconda3\envs\crp\lib\site-packages\_jpype.cp38-win_amd64.pyd
0x00007fffa1b70000 - 0x00007fffa1b79000 	C:\ProgramData\Anaconda3\envs\crp\DLLs\_queue.pyd
0x000000006af80000 - 0x000000006afa9000 	C:\ProgramData\Anaconda3\envs\crp\lib\site-packages\scipy\.libs\libansari.54HGNEJBQIYZX5TZPCQGLNVIPFU6NWEX.gfortran-win_amd64.dll
0x00000000615c0000 - 0x000000006165e000 	C:\ProgramData\Anaconda3\envs\crp\lib\site-packages\scipy\.libs\libbanded5x.2SQR6RYQU5LHCLZQVN3I3JMNVEDILQJO.gfortran-win_amd64.dll
0x0000000062a80000 - 0x000000006482b000 	C:\ProgramData\Anaconda3\envs\crp\lib\site-packages\scipy\.libs\libopenblas.XWYDX2IKJW2NMTWSFYNGFUWKQU3LYTCZ.gfortran-win_amd64.dll
0x000000006a7c0000 - 0x000000006a97b000 	C:\ProgramData\Anaconda3\envs\crp\lib\site-packages\scipy\.libs\libbispeu.HPSBTY5F6WJ6KJ2NXCAHI76UA2TMTBUN.gfortran-win_amd64.dll
0x0000000068bc0000 - 0x0000000068c5b000 	C:\ProgramData\Anaconda3\envs\crp\lib\site-packages\scipy\.libs\libblkdta00.3KOGPXRJENCLYZYPHM3WD4ZJUX6KRNPA.gfortran-win_amd64.dll
0x0000000071080000 - 0x00000000710cf000 	C:\ProgramData\Anaconda3\envs\crp\lib\site-packages\scipy\.libs\libchkder.CIYBJUMHB77HZDWZ7O7OQB7IFLU42V62.gfortran-win_amd64.dll
0x000000006edc0000 - 0x000000006ee5c000 	C:\ProgramData\Anaconda3\envs\crp\lib\site-packages\scipy\.libs\libcobyla2.2BWZ2MDM35NG3J3FO4MPMLJ2Z6EZ6EOI.gfortran-win_amd64.dll
0x000000006a1c0000 - 0x000000006a1dd000 	C:\ProgramData\Anaconda3\envs\crp\lib\site-packages\scipy\.libs\libdcsrch.TWU2WQ2D2VRC5ZBASJTN75WEVOQEH4AA.gfortran-win_amd64.dll
0x000000006a0c0000 - 0x000000006a0df000 	C:\ProgramData\Anaconda3\envs\crp\lib\site-packages\scipy\.libs\libdet.AGOFAINUR5IZVXCXNRSOIRVZUUW5YCXS.gfortran-win_amd64.dll
0x000000006ef80000 - 0x000000006f105000 	C:\ProgramData\Anaconda3\envs\crp\lib\site-packages\scipy\.libs\libdfft.645E5UVBKCSKYOCZ5JE72LV6UEARB7EO.gfortran-win_amd64.dll
0x000000006ab40000 - 0x000000006acfb000 	C:\ProgramData\Anaconda3\envs\crp\lib\site-packages\scipy\.libs\libdfitpack.YXWNLD73YBGP5FO245APK6CUWEW5I2TK.gfortran-win_amd64.dll
0x0000000000a10000 - 0x0000000000c81000 	C:\ProgramData\Anaconda3\envs\crp\lib\site-packages\scipy\.libs\libdgamln.RRCZPO5U6MKU5XD2NMC4QJU4POOAUMM7.gfortran-win_amd64.dll
0x0000000069900000 - 0x00000000699b9000 	C:\ProgramData\Anaconda3\envs\crp\lib\site-packages\scipy\.libs\libdqag.R4HMP4OMRVZRHRHOY5PURMT26TTLWZ64.gfortran-win_amd64.dll
0x000000006e480000 - 0x000000006e5aa000 	C:\ProgramData\Anaconda3\envs\crp\lib\site-packages\scipy\.libs\libd_odr.757BGIQXZ2NGSVH2S24NHGLEX7BSVGOS.gfortran-win_amd64.dll
0x0000000065f00000 - 0x0000000065f5c000 	C:\ProgramData\Anaconda3\envs\crp\lib\site-packages\scipy\.libs\libgetbreak.MLFMCLEHEZFWLACDR3OTDXY7K2WUFDQN.gfortran-win_amd64.dll
0x0000000066780000 - 0x000000006682b000 	C:\ProgramData\Anaconda3\envs\crp\lib\site-packages\scipy\.libs\liblbfgsb.NPQDO2JO2HKE3AYQ62AUZBXM67IYZJNR.gfortran-win_amd64.dll
0x000000006cd00000 - 0x000000006ce26000 	C:\ProgramData\Anaconda3\envs\crp\lib\site-packages\scipy\.libs\libmvndst.7O53DZ5WZNFDVHAUQKHVN7SV37RNFUZG.gfortran-win_amd64.dll
0x0000000065640000 - 0x00000000656bb000 	C:\ProgramData\Anaconda3\envs\crp\lib\site-packages\scipy\.libs\libnnls.O7YW55GFEWHHLJHC7HW56M4N2SDMEE6J.gfortran-win_amd64.dll
0x0000000000c90000 - 0x0000000000cd6000 	C:\ProgramData\Anaconda3\envs\crp\lib\site-packages\scipy\.libs\libslsqp_op.RZ4TV2HJX5AEA5VT2ZSATTL3ELYSVEN7.gfortran-win_amd64.dll
0x000000006bc00000 - 0x000000006bd67000 	C:\ProgramData\Anaconda3\envs\crp\lib\site-packages\scipy\.libs\libspecfun.OGUV3EZXE6PFA7VHXS36IRLE5K54SPJS.gfortran-win_amd64.dll
0x0000000069000000 - 0x0000000069018000 	C:\ProgramData\Anaconda3\envs\crp\lib\site-packages\scipy\.libs\libwrap_dum.FUKOULL5O3IDDG5NCFLPHDFGB3OBO4VD.gfortran-win_amd64.dll
0x0000000062800000 - 0x000000006282f000 	C:\ProgramData\Anaconda3\envs\crp\lib\site-packages\scipy\.libs\libwrap_dum.NAYDGNJZ33ITNMHSEMLFLCIFZYAMN5QL.gfortran-win_amd64.dll
0x0000000061940000 - 0x0000000061aba000 	C:\ProgramData\Anaconda3\envs\crp\lib\site-packages\scipy\.libs\lib_arpack-.PEZDSQTUS4ZBOG2GCJMZU2SCJ4S6LNTP.gfortran-win_amd64.dll
0x000000006d600000 - 0x000000006d628000 	C:\ProgramData\Anaconda3\envs\crp\lib\site-packages\scipy\.libs\lib_blas_su.D37DF46AFNNFFESHVVA24OFITADXUKSF.gfortran-win_amd64.dll
0x000000006d900000 - 0x000000006d9cd000 	C:\ProgramData\Anaconda3\envs\crp\lib\site-packages\scipy\.libs\lib_cpropac.REA5DY4RG5MDQLUEEAY5PZJBRNWVBSLD.gfortran-win_amd64.dll
0x0000000069a80000 - 0x0000000069b14000 	C:\ProgramData\Anaconda3\envs\crp\lib\site-packages\scipy\.libs\lib_dop-f2p.ZRIYLRHKCGTZ7E4XYRDJPKIEKPDV23QH.gfortran-win_amd64.dll
0x0000000000ce0000 - 0x0000000000d7e000 	C:\ProgramData\Anaconda3\envs\crp\lib\site-packages\scipy\.libs\lib_dpropac.PJZXVV5RHHCYVXDEKAQ6XHRT22BGSQDX.gfortran-win_amd64.dll
0x0000000000d80000 - 0x0000000000e1c000 	C:\ProgramData\Anaconda3\envs\crp\lib\site-packages\scipy\.libs\lib_lsoda-f.R2NO6LZ67VW6HHUYIGOUYCP7FERENCEX.gfortran-win_amd64.dll
0x000000006f340000 - 0x000000006f3de000 	C:\ProgramData\Anaconda3\envs\crp\lib\site-packages\scipy\.libs\lib_spropac.YDAJFVLLQ422PXOGGJU33H46WNHBCNIX.gfortran-win_amd64.dll
0x0000000000e20000 - 0x0000000000e97000 	C:\ProgramData\Anaconda3\envs\crp\lib\site-packages\scipy\.libs\lib_test_fo.BMG7XNVQO3Y6HRRDJ5ONJJ54IWAYGMM4.gfortran-win_amd64.dll
0x00000000691c0000 - 0x0000000069297000 	C:\ProgramData\Anaconda3\envs\crp\lib\site-packages\scipy\.libs\lib_vode-f2.C3CIFZM3Y2P4SZAEHGH3OI2LBCCR4AZY.gfortran-win_amd64.dll
0x0000000070ac0000 - 0x0000000070ba8000 	C:\ProgramData\Anaconda3\envs\crp\lib\site-packages\scipy\.libs\lib_zpropac.CTX54HQKN2LDGOFHS4UELMJJNLTA4OVO.gfortran-win_amd64.dll
0x00007fff6c1b0000 - 0x00007fff6c24d000 	C:\ProgramData\Anaconda3\envs\crp\lib\site-packages\scipy\.libs\msvcp140.dll
0x00007fff8e360000 - 0x00007fff8e374000 	C:\ProgramData\Anaconda3\envs\crp\lib\site-packages\scipy\_lib\_ccallback_c.cp38-win_amd64.pyd
0x00007fff68b20000 - 0x00007fff68bab000 	C:\ProgramData\Anaconda3\envs\crp\lib\site-packages\scipy\spatial\_ckdtree.cp38-win_amd64.pyd
0x00007fff479d0000 - 0x00007fff47bef000 	C:\ProgramData\Anaconda3\envs\crp\lib\site-packages\scipy\sparse\_sparsetools.cp38-win_amd64.pyd
0x00007fff677b0000 - 0x00007fff6782f000 	C:\ProgramData\Anaconda3\envs\crp\lib\site-packages\scipy\sparse\_csparsetools.cp38-win_amd64.pyd
0x00007fff82a80000 - 0x00007fff82ad5000 	C:\ProgramData\Anaconda3\envs\crp\lib\site-packages\scipy\sparse\csgraph\_shortest_path.cp38-win_amd64.pyd
0x00007fff8ab30000 - 0x00007fff8ab54000 	C:\ProgramData\Anaconda3\envs\crp\lib\site-packages\scipy\sparse\csgraph\_tools.cp38-win_amd64.pyd
0x00007fff8aa30000 - 0x00007fff8aa52000 	C:\ProgramData\Anaconda3\envs\crp\lib\site-packages\scipy\sparse\csgraph\_traversal.cp38-win_amd64.pyd
0x00007fff8a9a0000 - 0x00007fff8a9cd000 	C:\ProgramData\Anaconda3\envs\crp\lib\site-packages\scipy\sparse\csgraph\_min_spanning_tree.cp38-win_amd64.pyd
0x00007fff88fd0000 - 0x00007fff8900c000 	C:\ProgramData\Anaconda3\envs\crp\lib\site-packages\scipy\sparse\csgraph\_flow.cp38-win_amd64.pyd
0x00007fff81500000 - 0x00007fff8153d000 	C:\ProgramData\Anaconda3\envs\crp\lib\site-packages\scipy\sparse\csgraph\_matching.cp38-win_amd64.pyd
0x00007fff74950000 - 0x00007fff74988000 	C:\ProgramData\Anaconda3\envs\crp\lib\site-packages\scipy\sparse\csgraph\_reordering.cp38-win_amd64.pyd
0x00007fff46790000 - 0x00007fff46861000 	C:\ProgramData\Anaconda3\envs\crp\lib\site-packages\scipy\spatial\_qhull.cp38-win_amd64.pyd
0x00007fff9ea40000 - 0x00007fff9ea50000 	C:\ProgramData\Anaconda3\envs\crp\lib\site-packages\scipy\_lib\messagestream.cp38-win_amd64.pyd
0x00007fff82980000 - 0x00007fff829aa000 	C:\ProgramData\Anaconda3\envs\crp\lib\site-packages\scipy\spatial\_voronoi.cp38-win_amd64.pyd
0x00007fff58760000 - 0x00007fff587f0000 	C:\ProgramData\Anaconda3\envs\crp\lib\site-packages\scipy\linalg\_fblas.cp38-win_amd64.pyd
0x00007fff34f00000 - 0x00007fff350ca000 	C:\ProgramData\Anaconda3\envs\crp\lib\site-packages\scipy\linalg\_flapack.cp38-win_amd64.pyd
0x00007fff72d40000 - 0x00007fff72d9d000 	C:\ProgramData\Anaconda3\envs\crp\lib\site-packages\scipy\linalg\_cythonized_array_utils.cp38-win_amd64.pyd
0x00007fff85f70000 - 0x00007fff85f81000 	C:\ProgramData\Anaconda3\envs\crp\lib\site-packages\scipy\linalg\_flinalg.cp38-win_amd64.pyd
0x00007fff68000000 - 0x00007fff68034000 	C:\ProgramData\Anaconda3\envs\crp\lib\site-packages\scipy\linalg\_solve_toeplitz.cp38-win_amd64.pyd
0x00007fff7c360000 - 0x00007fff7c373000 	C:\ProgramData\Anaconda3\envs\crp\lib\site-packages\scipy\linalg\_matfuncs_sqrtm_triu.cp38-win_amd64.pyd

dbghelp: loaded successfully - version: 4.0.5 - missing functions: none
symbol engine: initialized successfully - sym options: 0x614 - pdb path: .;C:\ProgramData\Anaconda3\envs\crp;C:\Windows\SYSTEM32;C:\ProgramData\Anaconda3\envs\crp\DLLs;C:\ProgramData\Anaconda3\envs\crp\lib\site-packages\numpy\.libs;C:\ProgramData\Anaconda3\envs\crp\lib\site-packages\numpy\core;C:\ProgramData\Anaconda3\envs\crp\lib\site-packages\numpy\linalg;C:\ProgramData\Anaconda3\envs\crp\lib\site-packages\numpy\fft;C:\ProgramData\Anaconda3\envs\crp\lib\site-packages\numpy\random;C:\ProgramData\Anaconda3\envs\crp\Library\bin;C:\ProgramData\Anaconda3\envs\crp\lib\site-packages\matplotlib;C:\ProgramData\Anaconda3\envs\crp\lib\site-packages\PIL;C:\ProgramData\Anaconda3\envs\crp\lib\site-packages\kiwisolver;C:\ProgramData\Anaconda3\envs\crp\lib\site-packages;C:\ProgramData\Anaconda3\envs\crp\lib\site-packages\scipy\.libs;C:\ProgramData\Anaconda3\envs\crp\lib\site-packages\scipy\_lib;C:\ProgramData\Anaconda3\envs\crp\lib\site-packages\scipy\spatial;C:\ProgramData\Anaconda3\envs\crp\lib\site-packages\scipy\sparse;C:\ProgramData\Anaconda3\envs\crp\lib\site-packages\scipy\sparse\csgraph;C:\ProgramData\Anaconda3\envs\crp\lib\site-packages\scipy\linalg;C:\ProgramData\Anaconda3\envs\crp\lib\site-packages\scipy\special;C:\ProgramData\Anaconda3\envs\crp\lib\site-packages\scipy\spatial\transform;C:\ProgramData\Anaconda3\envs\crp\lib\site-packages\scipy\ndimage;C:\ProgramData\Anaconda3\envs\crp\lib\site-packages\scipy\sparse\linalg\_isolve;C:\ProgramData\Anaconda3\envs\crp\lib\site-packages\scipy\sparse\linalg\_dsolve;C:\ProgramData\Anaconda3\envs\crp\lib\site-packages\scipy\sparse\linalg\_eigen\arpack;C:\ProgramData\Anaconda3\envs\crp\lib\site-packages\scipy\optimize;C:\ProgramData\Anaconda3\envs\crp\lib\site-packages\scipy\optimize\_trlib;C:\ProgramData\Anaconda3\envs\crp\lib\site-packages\scipy\optimize\_lsq;C:\ProgramData\Anaconda3\envs\crp\lib\site-packages\scipy\optimize\_highs;C:\ProgramData\Anaconda3\envs\crp\lib\site-packages\scipy\integrate;C:\ProgramData\Anaconda3\envs\crp\lib\site-packages\scipy\interpolate;C:\ProgramData\Anaconda3\envs\crp\lib\site-packages\scipy\stats;C:\ProgramData\Anaconda3\envs\crp\lib\site-packages\scipy\stats\_boost;C:\ProgramData\Anaconda3\envs\crp\lib\site-packages\scipy\stats\_unuran;C:\Windows\WinSxS\amd64_microsoft.windows.common-controls_6595b64144ccf1df_6.0.19041.1110_none_60b5254171f9507e;C:\ProgramData\Anaconda3\envs\crp\lib\site-packages\regex;C:\ProgramData\Anaconda3\envs\crp\lib\site-packages\sklearn\.libs;C:\ProgramData\Anaconda3\envs\crp\lib\site-packages\sklearn\__check_build;C:\ProgramData\Anaconda3\envs\crp\lib\site-packages\sklearn\utils;C:\ProgramData\Anaconda3\envs\crp\lib\site-packages\psutil;C:\ProgramData\Anaconda3\envs\crp\lib\site-packages\sklearn\feature_extraction;C:\ProgramData\Anaconda3\envs\crp\lib\site-packages\sklearn\preprocessing;C:\ProgramData\Anaconda3\envs\crp\lib\site-packages\sklearn\svm;C:\ProgramData\Anaconda3\envs\crp\lib\site-packages\sklearn\metrics;C:\ProgramData\Anaconda3\envs\crp\lib\site-packages\sklearn\metrics\cluster;C:\ProgramData\Anaconda3\envs\crp\lib\site-packages\sklearn\linear_model;C:\ProgramData\Anaconda3\envs\crp\lib\site-packages\sklearn\_loss;C:\ProgramData\Anaconda3\envs\crp\lib\site-packages\sklearn\datasets;C:\ProgramData\Anaconda3\envs\crp\lib\site-packages\scipy\io\matlab;C:\ProgramData\Anaconda3\envs\crp\lib\site-packages\pandas\_libs;C:\ProgramData\Anaconda3\envs\crp\lib\site-packages\pandas\_libs\tslibs;C:\ProgramData\Anaconda3\envs\crp\lib\site-packages\pandas\_libs\window;C:\ProgramData\Anaconda3\envs\crp\lib\site-packages\wordcloud;C:\ProgramData\Anaconda3\envs\crp\tcl\reg1.3;C:\Windows\System32\IME\IMEKR;C:\Windows\System32\IME\shared;C:\Program Files\Java\jdk-11.0.13\bin\server;C:\Program Files\Java\jdk-11.0.13\bin

VM Arguments:
jvm_args: -Dfile.encoding=UTF8 -ea -Xmx1024m 
java_command: <unknown>
java_class_path (initial): C:\ProgramData\Anaconda3\envs\crp\Lib\site-packages\konlpy\java;C:\ProgramData\Anaconda3\envs\crp\Lib\site-packages\konlpy\java\bin;C:\ProgramData\Anaconda3\envs\crp\Lib\site-packages\konlpy\java\aho-corasick.jar;C:\ProgramData\Anaconda3\envs\crp\Lib\site-packages\konlpy\java\jhannanum-0.8.4.jar;C:\ProgramData\Anaconda3\envs\crp\Lib\site-packages\konlpy\java\kkma-2.0.jar;C:\ProgramData\Anaconda3\envs\crp\Lib\site-packages\konlpy\java\komoran-3.0.jar;C:\ProgramData\Anaconda3\envs\crp\Lib\site-packages\konlpy\java\open-korean-text-2.1.0.jar;C:\ProgramData\Anaconda3\envs\crp\Lib\site-packages\konlpy\java\scala-library-2.12.3.jar;C:\ProgramData\Anaconda3\envs\crp\Lib\site-packages\konlpy\java\shineware-common-1.0.jar;C:\ProgramData\Anaconda3\envs\crp\Lib\site-packages\konlpy\java\shineware-ds-1.0.jar;C:\ProgramData\Anaconda3\envs\crp\Lib\site-packages\konlpy\java\snakeyaml-1.12.jar;C:\ProgramData\Anaconda3\envs\crp\Lib\site-packages\konlpy\java\twitter-text-1.14.7.jar;C:\ProgramData\Anaconda3\envs\crp\Lib\site-packages\konlpy\java\jhannanum-0.8.4.jar;C:\ProgramData\Anaconda3\envs\crp\Lib\site-packages\konlpy\java\kkma-2.0.jar;C:\ProgramData\Anaconda3\envs\crp\Lib\site-packages\konlpy\java\aho-corasick.jar;C:\ProgramData\Anaconda3\envs\crp\Lib\site-packages\konlpy\java\shineware-common-1.0.jar;C:\ProgramData\Anaconda3\envs\crp\Lib\site-packages\konlpy\java\shineware-ds-1.0.jar;C:\ProgramData\Anaconda3\envs\crp\Lib\site-packages\konlpy\java\komoran-3.0.jar;C:\ProgramData\Anaconda3\envs\crp\Lib\site-packages\konlpy\java\snakeyaml-1.12.jar;C:\ProgramData\Anaconda3\envs\crp\Lib\site-packages\konlpy\java\scala-library-2.12.3.jar;C:\ProgramData\Anaconda3\envs\crp\Lib\site-packages\konlpy\java\open-korean-text-2.1.0.jar;C:\ProgramData\Anaconda3\envs\crp\Lib\site-packages\konlpy\java\twitter-text-1.14.7.jar;C:\ProgramData\Anaconda3\envs\crp\Lib\site-packages\konlpy\java\aho-corasick.jar;C:\ProgramData\Anaconda3\envs\crp\Lib\site-packages\konlpy\java\
Launcher Type: generic

[Global flags]
     intx CICompilerCount                          = 4                                         {product} {ergonomic}
     uint ConcGCThreads                            = 2                                         {product} {ergonomic}
     uint G1ConcRefinementThreads                  = 8                                         {product} {ergonomic}
   size_t G1HeapRegionSize                         = 1048576                                   {product} {ergonomic}
    uintx GCDrainStackTargetSize                   = 64                                        {product} {ergonomic}
   size_t InitialHeapSize                          = 534773760                                 {product} {ergonomic}
   size_t MarkStackSize                            = 4194304                                   {product} {ergonomic}
   size_t MaxHeapSize                              = 1073741824                                {product} {command line}
   size_t MaxNewSize                               = 643825664                                 {product} {ergonomic}
   size_t MinHeapDeltaBytes                        = 1048576                                   {product} {ergonomic}
    uintx NonNMethodCodeHeapSize                   = 5836300                                {pd product} {ergonomic}
    uintx NonProfiledCodeHeapSize                  = 122910970                              {pd product} {ergonomic}
    uintx ProfiledCodeHeapSize                     = 122910970                              {pd product} {ergonomic}
    uintx ReservedCodeCacheSize                    = 251658240                              {pd product} {ergonomic}
     bool SegmentedCodeCache                       = true                                      {product} {ergonomic}
     bool UseCompressedClassPointers               = true                                 {lp64_product} {ergonomic}
     bool UseCompressedOops                        = true                                 {lp64_product} {ergonomic}
     bool UseG1GC                                  = true                                      {product} {ergonomic}
     bool UseLargePagesIndividualAllocation        = false                                  {pd product} {ergonomic}

Logging:
Log output configuration:
 #0: stdout all=warning uptime,level,tags
 #1: stderr all=off uptime,level,tags

Environment Variables:
JAVA_HOME=C:\Program Files\Java\jdk-11.0.13
PATH=C:\ProgramData\Anaconda3\envs\crp;C:\ProgramData\Anaconda3\envs\crp\Library\mingw-w64\bin;C:\ProgramData\Anaconda3\envs\crp\Library\usr\bin;C:\ProgramData\Anaconda3\envs\crp\Library\bin;C:\ProgramData\Anaconda3\envs\crp\Scripts;C:\ProgramData\Anaconda3\envs\crp\bin;C:\ProgramData\Anaconda3\condabin;C:\Program Files\NVIDIA GPU Computing Toolkit\CUDA\v11.7\bin;C:\Program Files\NVIDIA GPU Computing Toolkit\CUDA\v11.7\libnvvp;C:\Program Files\Java\jdk-11.0.13;C:\Program Files\Java\jdk-11.0.13;C:\Windows\system32;C:\Windows;C:\Windows\System32\Wbem;C:\Windows\System32\WindowsPowerShell\v1.0;C:\Windows\System32\OpenSSH;C:\Program Files\Java\jdk-11.0.13\bin;C:\Program Files\Git\cmd;C:\Program Files\nodejs;C:\Program Files\Java\jdk-11.0.13\bin;C:\ProgramData\Anaconda3;C:\ProgramData\Anaconda3\Scripts;C:\ProgramData\Anaconda3\Library\bin;C:\ProgramData\Anaconda3\Library\mingw-w64\bin;.;C:\ProgramData\chocolatey\bin;.;C:\Program Files\Docker\Docker\resources\bin;C:\ProgramData\DockerDesktop\version-bin;C:\Program Files\NVIDIA Corporation\Nsight Compute 2022.2.0;C:\Program Files (x86)\NVIDIA Corporation\PhysX\Common;C:\Program Files\NVIDIA Corporation\NVIDIA NvDLISR;C:\Users\bitcamp\AppData\Local\Microsoft\WindowsApps;C:\Users\bitcamp\AppData\Local\Programs\Microsoft VS Code\bin;C:\Users\bitcamp\AppData\Roaming\npm;C:\Program Files\JetBrains\PyCharm 2021.3.2\bin
USERNAME=bitcamp
OS=Windows_NT
PROCESSOR_IDENTIFIER=Intel64 Family 6 Model 158 Stepping 13, GenuineIntel



---------------  S Y S T E M  ---------------

OS: Windows 10 , 64 bit Build 19041 (10.0.19041.1706)
Hyper-V role detected

CPU:total 8 (initial active 8) (8 cores per cpu, 1 threads per core) family 6 model 158 stepping 13 microcode 0xec, cmov, cx8, fxsr, mmx, sse, sse2, sse3, ssse3, sse4.1, sse4.2, popcnt, avx, avx2, aes, clmul, erms, 3dnowpref, lzcnt, tsc, tscinvbit, bmi1, bmi2, adx, fma

Memory: 4k page, system-wide physical 32542M (18797M free)
TotalPageFile size 37406M (AvailPageFile size 19943M)
current process WorkingSet (physical memory assigned to process): 266M, peak: 268M
current process commit charge ("private bytes"): 1774M, peak: 2023M

vm_info: Java HotSpot(TM) 64-Bit Server VM (11.0.13+10-LTS-370) for windows-amd64 JRE (11.0.13+10-LTS-370), built on Sep 15 2021 22:10:36 by "mach5one" with MS VC++ 15.9 (VS2017)

END.
